\BOOKMARK [0][-]{chapter.1}{\376\377\004\043\004\062\004\076\004\064}{}% 1
\BOOKMARK [1][-]{section.1.1}{\376\377\004\034\004\076\004\102\004\070\004\062\004\060\004\106\004\070\004\130\004\060\000\040\004\070\000\040\004\106\004\070\004\131\000\040\004\102\004\065\004\067\004\065}{chapter.1}% 2
\BOOKMARK [1][-]{section.1.2}{\376\377\004\024\004\076\004\077\004\100\004\070\004\075\004\076\004\101\004\070\000\040\004\102\004\065\004\067\004\065}{chapter.1}% 3
\BOOKMARK [1][-]{section.1.3}{\376\377\004\036\004\100\004\063\004\060\004\075\004\070\004\067\004\060\004\106\004\070\004\130\004\060\000\040\004\102\004\065\004\067\004\065}{chapter.1}% 4
\BOOKMARK [0][-]{chapter.2}{\376\377\004\030\004\075\004\102\004\065\004\100\004\060\004\072\004\102\004\070\004\062\004\075\004\070\000\040\004\064\004\076\004\072\004\060\004\067\004\070\004\062\004\060\004\107\004\070\000\040\004\102\004\065\004\076\004\100\004\065\004\074\004\060}{}% 5
\BOOKMARK [1][-]{section.2.1}{\376\377\004\035\004\065\004\072\004\076\004\073\004\070\004\072\004\076\000\040\004\100\004\065\004\107\004\070\000\040\004\076\000\040\040\023\004\100\004\060\004\107\004\103\004\075\004\103\000\040\004\070\000\040\004\032\004\060\004\100\004\070\040\023\004\045\004\060\004\103\004\060\004\100\004\064\000\040\004\070\004\067\004\076\004\074\004\076\004\100\004\104\004\070\004\067\004\074\004\103}{chapter.2}% 6
\BOOKMARK [1][-]{section.2.2}{\376\377\004\032\004\100\004\060\004\102\004\060\004\072\000\040\004\070\004\101\004\102\004\076\004\100\004\070\004\130\004\101\004\072\004\070\000\040\004\077\004\100\004\065\004\063\004\073\004\065\004\064\000\040\004\070\000\040\004\076\004\101\004\062\004\100\004\102\000\040\004\075\004\060\000\040\004\063\004\073\004\060\004\062\004\075\004\065\000\040\004\072\004\060\004\100\004\060\004\072\004\102\004\065\004\100\004\070\004\101\004\102\004\070\004\072\004\065\000\040\004\100\004\060\004\067\004\073\004\070\004\107\004\070\004\102\004\070\004\105\000\040\004\070\004\075\004\102\004\065\004\100\004\060\004\072\004\102\004\070\004\062\004\075\004\070\004\105\000\040\004\064\004\076\004\072\004\060\004\067\004\070\004\062\004\060\004\107\004\060\000\040\004\102\004\065\004\076\004\100\004\065\004\074\004\060}{chapter.2}% 7
\BOOKMARK [1][-]{section.2.3}{\376\377\004\022\004\060\004\066\004\075\004\070\000\040\004\100\004\065\004\067\004\103\004\073\004\102\004\060\004\102\004\070\000\040\004\070\000\040\004\077\004\100\004\076\004\130\004\065\004\072\004\102\004\070\000\040\004\103\000\040\004\076\004\061\004\073\004\060\004\101\004\102\004\070\000\040\004\070\004\075\004\102\004\065\004\100\004\060\004\072\004\102\004\070\004\062\004\075\004\076\004\063\000\040\004\064\004\076\004\072\004\060\004\067\004\070\004\062\004\060\004\132\004\060\000\040\004\102\004\065\004\076\004\100\004\065\004\074\004\060}{chapter.2}% 8
\BOOKMARK [1][-]{section.2.4}{\376\377\000I\000s\000a\000b\000e\000l\000l\000e\000/\000H\000O\000L}{chapter.2}% 9
\BOOKMARK [0][-]{chapter.3}{\376\377\004\024\004\076\004\072\004\060\004\067\004\070\004\062\004\060\004\132\004\065\000\040\004\103\000\040\004\063\004\065\004\076\004\074\004\065\004\102\004\100\004\070\004\130\004\070}{}% 10
\BOOKMARK [1][-]{section.3.1}{\376\377\004\020\004\103\004\102\004\076\004\074\004\060\004\102\004\101\004\072\004\076\000\040\004\064\004\076\004\072\004\060\004\067\004\070\004\062\004\060\004\132\004\065\000\040\004\103\000\040\004\063\004\065\004\076\004\074\004\065\004\102\004\100\004\070\004\130\004\070}{chapter.3}% 11
\BOOKMARK [1][-]{section.3.2}{\376\377\004\030\004\075\004\102\004\065\004\100\004\060\004\072\004\102\004\070\004\062\004\075\004\076\000\040\004\064\004\076\004\072\004\060\004\067\004\070\004\062\004\060\004\132\004\065\000\040\004\103\000\040\004\063\004\065\004\076\004\074\004\065\004\102\004\100\004\070\004\130\004\070}{chapter.3}% 12
\BOOKMARK [1][-]{section.3.3}{\376\377\004\022\004\065\004\067\004\065\000\040\004\070\004\067\004\074\004\065\004\122\004\103\000\040\004\070\004\075\004\102\004\065\004\100\004\060\004\072\004\102\004\070\004\062\004\075\004\070\004\105\000\040\004\070\000\040\004\060\004\103\004\102\004\076\004\074\004\060\004\102\004\101\004\072\004\070\004\105\000\040\004\064\004\076\004\072\004\060\004\067\004\070\004\062\004\060\004\107\004\060}{chapter.3}% 13
\BOOKMARK [0][-]{chapter.4}{\376\377\004\044\004\076\004\100\004\074\004\060\004\073\004\070\004\067\004\060\004\106\004\070\000j\004\060\000\040\004\060\004\075\004\060\004\073\004\070\004\102\004\070\004\107\004\072\004\065\000\040\004\063\004\065\004\076\004\074\004\065\004\102\004\100\004\070\000j\004\065}{}% 14
\BOOKMARK [1][-]{section.4.1}{\376\377\004\043\004\062\004\076\004\064}{chapter.4}% 15
\BOOKMARK [1][-]{section.4.2}{\376\377\004\044\004\076\004\100\004\074\004\060\004\073\004\070\004\067\004\060\004\106\004\070\004\130\004\060\000\040\004\063\004\065\004\076\004\074\004\065\004\102\004\100\004\070\004\130\004\065\000\040\004\024\004\065\004\072\004\060\004\100\004\102\004\076\004\062\004\065\000\040\004\100\004\060\004\062\004\075\004\070}{chapter.4}% 16
\BOOKMARK [1][-]{section.4.3}{\376\377\004\034\004\076\004\064\004\065\004\073\000\040\004\060\004\072\004\101\004\070\004\076\004\074\004\060\004\102\004\101\004\072\004\076\004\063\000\040\004\101\004\070\004\101\004\102\004\065\004\074\004\060\000\040\004\042\004\060\004\100\004\101\004\072\004\076\004\063}{chapter.4}% 17
\BOOKMARK [1][-]{section.4.4}{\376\377\004\023\004\065\004\076\004\074\004\065\004\102\004\100\004\070\004\130\004\060\000\040\004\045\004\070\004\073\004\061\004\065\004\100\004\102\004\060}{chapter.4}% 18
\BOOKMARK [1][-]{section.4.5}{\376\377\004\027\004\060\004\062\004\100\004\110\004\075\004\060\000\040\004\100\004\060\004\067\004\074\004\060\004\102\004\100\004\060\004\132\004\060}{chapter.4}% 19
\BOOKMARK [0][-]{chapter.5}{\376\377\004\044\004\076\004\100\004\074\004\060\004\073\004\070\004\067\004\060\004\106\004\070\004\130\004\060\000\040\004\105\004\070\004\077\004\065\004\100\004\061\004\076\004\073\004\070\004\107\004\072\004\065\000\040\004\063\004\065\004\076\004\074\004\065\004\102\004\100\004\070\004\130\004\065}{}% 20
\BOOKMARK [1][-]{section.5.1}{\376\377\004\043\004\062\004\076\004\064}{chapter.5}% 21
\BOOKMARK [1][-]{section.5.2}{\376\377\004\036\004\101\004\075\004\076\004\062\004\075\004\070\000\040\004\077\004\076\004\130\004\074\004\076\004\062\004\070\000\040\004\063\004\065\004\076\004\074\004\065\004\102\004\100\004\070\004\130\004\065\000\040\004\072\004\076\004\074\004\077\004\073\004\065\004\072\004\101\004\075\004\065\000\040\004\100\004\060\004\062\004\075\004\070}{chapter.5}% 22
\BOOKMARK [1][-]{section.5.3}{\376\377\004\045\004\076\004\074\004\076\004\063\004\065\004\075\004\065\000\040\004\072\004\076\004\076\004\100\004\064\004\070\004\075\004\060\004\102\004\065}{chapter.5}% 23
\BOOKMARK [1][-]{section.5.4}{\376\377\004\040\004\070\004\074\004\060\004\075\004\076\004\062\004\060\000\040\004\101\004\104\004\065\004\100\004\060\000\040\004\070\000\040\004\101\004\102\004\065\004\100\004\065\004\076\004\063\004\100\004\060\004\104\004\101\004\072\004\060\000\040\004\077\004\100\004\076\004\130\004\065\004\072\004\106\004\070\004\130\004\060}{chapter.5}% 24
\BOOKMARK [1][-]{section.5.5}{\376\377\004\034\004\065\004\061\004\070\004\130\004\103\004\101\004\076\004\062\004\065\000\040\004\102\004\100\004\060\004\075\004\101\004\104\004\076\004\100\004\074\004\060\004\106\004\070\004\130\004\065}{chapter.5}% 25
\BOOKMARK [1][-]{section.5.6}{\376\377\004\032\004\100\004\103\004\063\004\076\004\077\004\100\004\060\004\062\004\060}{chapter.5}% 26
\BOOKMARK [1][-]{section.5.7}{\376\377\004\035\004\065\004\072\004\065\000\040\004\062\004\060\004\066\004\075\004\065\000\040\004\077\004\076\004\064\004\063\004\100\004\103\004\077\004\065\000\040\004\034\004\065\004\061\004\070\004\130\004\103\004\101\004\076\004\062\004\070\004\105\000\040\004\102\004\100\004\060\004\075\004\101\004\104\004\076\004\100\004\074\004\060\004\106\004\070\004\130\004\060}{chapter.5}% 27
\BOOKMARK [1][-]{section.5.8}{\376\377\004\024\004\070\004\101\004\072\004\103\004\101\004\070\004\130\004\060}{chapter.5}% 28
\BOOKMARK [1][-]{section.5.9}{\376\377\004\027\004\060\004\072\004\131\004\103\004\107\004\106\004\070\000\040\004\070\000\040\004\064\004\060\004\131\004\070\000\040\004\100\004\060\004\064\000\040\004\103\000\040\004\104\004\076\004\100\004\074\004\060\004\073\004\070\004\067\004\060\004\106\004\070\004\130\004\070\000\040\004\063\004\065\004\076\004\074\004\065\004\102\004\100\004\070\004\130\004\065\000\040\004\072\004\076\004\074\004\077\004\073\004\065\004\072\004\101\004\075\004\065\000\040\004\100\004\060\004\062\004\075\004\070}{chapter.5}% 29
\BOOKMARK [1][-]{section.5.10}{\376\377\004\044\004\076\004\100\004\074\004\060\004\073\004\070\004\067\004\060\004\106\004\070\004\130\004\060\000\040\004\037\004\076\000e\004\075\004\072\004\060\004\100\004\065\004\076\004\062\004\076\004\063\000\040\004\064\004\070\004\101\004\072\000\040\004\074\004\076\004\064\004\065\004\073\004\060}{chapter.5}% 30
\BOOKMARK [0][-]{chapter.6}{\376\377\000A\004\073\004\063\000e\004\061\004\060\004\100\004\101\004\072\004\070\000\040\004\074\004\065\004\102\004\076\004\064\004\070\000\040\004\070\000\040\004\101\004\102\004\065\004\100\004\065\004\076\004\074\004\065\004\102\004\100\004\070\004\130\004\060}{}% 31
\BOOKMARK [1][-]{section.6.1}{\376\377\004\043\004\062\004\076\004\064}{chapter.6}% 32
\BOOKMARK [1][-]{section.6.2}{\376\377\004\020\004\073\004\063\004\065\004\061\004\060\004\100\004\101\004\072\004\070\000\040\004\074\004\065\004\102\004\076\004\064\004\070\000\040\004\103\000\040\004\063\004\065\004\076\004\074\004\065\004\102\004\100\004\070\004\130\004\070}{chapter.6}% 33
\BOOKMARK [1][-]{section.6.3}{\376\377\004\044\004\076\004\100\004\074\004\060\004\073\004\075\004\060\000\040\004\060\004\075\004\060\004\073\004\070\004\067\004\060\000\040\004\060\004\073\004\063\004\065\004\061\004\060\004\100\004\101\004\072\004\070\004\105\000\040\004\074\004\065\004\102\004\076\004\064\004\060\000\040\004\103\000\040\004\101\004\070\004\101\004\102\004\065\004\074\004\103\000\040\000I\000s\000a\000b\000e\000l\000l\000e\000/\000H\000O\000L}{chapter.6}% 34
\BOOKMARK [1][-]{section.6.4}{\376\377\004\037\004\100\004\070\004\074\004\065\004\075\004\060\000\040\004\060\004\073\004\063\004\065\004\061\004\060\004\100\004\101\004\072\004\070\004\105\000\040\004\074\004\065\004\102\004\076\004\064\004\060\000\040\004\075\004\060\000\040\004\077\004\100\004\076\004\061\004\073\004\065\004\074\004\065\000\040\004\103\000\040\004\101\004\102\004\065\004\100\004\065\004\076\004\074\004\065\004\102\004\100\004\070\000j\004\070}{chapter.6}% 35
\BOOKMARK [0][-]{chapter.7}{\376\377\004\027\004\060\004\072\004\131\004\103\004\107\004\106\004\070\000\040\004\070\000\040\004\064\004\060\004\131\004\070\000\040\004\100\004\060\004\064}{}% 36
\BOOKMARK [1][-]{section.7.1}{\376\377\004\027\004\060\004\072\004\131\004\103\004\107\004\106\004\070}{chapter.7}% 37
\BOOKMARK [1][-]{section.7.2}{\376\377\004\024\004\060\004\131\004\070\000\040\004\100\004\060\004\064}{chapter.7}% 38
\BOOKMARK [0][-]{section*.135}{\376\377\004\033\004\070\004\102\004\065\004\100\004\060\004\102\004\103\004\100\004\060}{}% 39
