This is XeTeX, Version 3.1415926-2.5-0.9999.3 (TeX Live 2013/Debian) (format=xelatex 2015.11.16)  17 NOV 2015 16:45
entering extended mode
 restricted \write18 enabled.
 %&-line parsing enabled.
**matfdoktorat-primer.tex
(./matfdoktorat-primer.tex
LaTeX2e <2011/06/27>
Babel <3.9h> and hyphenation patterns for 78 languages loaded.
(/usr/share/texlive/texmf-dist/tex/latex/memoir/memoir.cls
Document Class: memoir 2013/05/30 v3.7b configurable book, report, article docu
ment class
\onelineskip=\skip41
\lxvchars=\skip42
\xlvchars=\skip43
\@memcnta=\count80
\c@@memmarkcntra=\count81
(/usr/share/texlive/texmf-dist/tex/generic/oberdiek/ifpdf.sty
Package: ifpdf 2011/01/30 v2.3 Provides the ifpdf switch (HO)
Package ifpdf Info: pdfTeX in PDF mode is not detected.
)
(/usr/share/texlive/texmf-dist/tex/latex/ifetex/ifetex.sty
Package: ifetex 2011/12/15 v1.2 ifetex

(/usr/share/texlive/texmf-dist/tex/plain/ifetex/ifetex.tex))
(/usr/share/texlive/texmf-dist/tex/generic/ifxetex/ifxetex.sty
Package: ifxetex 2010/09/12 v0.6 Provides ifxetex conditional
)
(/usr/share/texlive/texmf-dist/tex/generic/oberdiek/ifluatex.sty
Package: ifluatex 2010/03/01 v1.3 Provides the ifluatex switch (HO)
Package ifluatex Info: LuaTeX not detected.
)
\stockheight=\skip44
\stockwidth=\skip45
\trimtop=\skip46
\trimedge=\skip47

(/usr/share/texlive/texmf-dist/tex/latex/etex-pkg/etex.sty
Package: etex 1998/03/26 v2.0 eTeX basic definition package (PEB)
\et@xins=\count82
)
(/usr/share/texlive/texmf-dist/tex/latex/memoir/mem12.clo
File: mem12.clo 2010/10/19 v0.4b memoir class 12pt size option
)
\binding=\skip48
\spinemargin=\skip49
\foremargin=\skip50
\uppermargin=\skip51
\lowermargin=\skip52
\headdrop=\skip53
\normalrulethickness=\skip54
\mem@maxheadheight=\skip55
\mem@maxfootheight=\skip56
\headwidth=\skip57
\c@storedpagenumber=\count83
\memPD=\dimen102
\m@mabparskip=\skip58
\thanksmarkwidth=\skip59
\thanksmarksep=\skip60
\droptitle=\skip61
\c@book=\count84
\c@part=\count85
\c@chapter=\count86
\c@section=\count87
\c@subsection=\count88
\c@subsubsection=\count89
\c@paragraph=\count90
\c@subparagraph=\count91
\beforechapskip=\skip62
\midchapskip=\skip63
\afterchapskip=\skip64
\chapindent=\skip65
\bottomsectionskip=\skip66
\secindent=\skip67
\beforesecskip=\skip68
\aftersecskip=\skip69
\subsecindent=\skip70
\beforesubsecskip=\skip71
\aftersubsecskip=\skip72
\subsubsecindent=\skip73
\beforesubsubsecskip=\skip74
\aftersubsubsecskip=\skip75
\paraindent=\skip76
\beforeparaskip=\skip77
\afterparaskip=\skip78
\subparaindent=\skip79
\beforesubparaskip=\skip80
\aftersubparaskip=\skip81
\pfbreakskip=\skip82
\c@@ppsavesec=\count92
\c@@ppsaveapp=\count93
\ragrparindent=\dimen103
\everylistparindent=\dimen104
\parsepi=\skip83
\topsepi=\skip84
\itemsepi=\skip85
\parsepii=\skip86
\topsepii=\skip87
\topsepiii=\skip88
\itemsepii=\skip89
\itemsepiii=\skip90
\partopsepii=\skip91
\partopsepiii=\skip92
\m@msavetopsep=\skip93
\m@msavepartopsep=\skip94
\@enLab=\toks14
\abstitleskip=\skip95
\absleftindent=\skip96
\abs@leftindent=\dimen105
\absrightindent=\skip97
\absparindent=\skip98
\absparsep=\skip99
\c@vslineno=\count94
\c@poemline=\count95
\c@modulo@vs=\count96
\c@memfvsline=\count97
\vleftskip=\skip100
\vrightskip=\skip101
\stanzaskip=\skip102
\versewidth=\skip103
\vgap=\skip104
\vindent=\skip105
\vleftmargin=\dimen106
\c@verse=\count98
\c@chrsinstr=\count99
\beforepoemtitleskip=\skip106
\afterpoemtitleskip=\skip107
\c@poem=\count100
\beforePoemTitleskip=\skip108
\midPoemTitleskip=\skip109
\afterPoemTitleskip=\skip110
\col@sep=\dimen107
\extrarowheight=\dimen108
\NC@list=\toks15
\extratabsurround=\skip111
\backup@length=\skip112
\TX@col@width=\dimen109
\TX@old@table=\dimen110
\TX@old@col=\dimen111
\TX@target=\dimen112
\TX@delta=\dimen113
\TX@cols=\count101
\TX@ftn=\toks16
\heavyrulewidth=\dimen114
\lightrulewidth=\dimen115
\cmidrulewidth=\dimen116
\belowrulesep=\dimen117
\belowbottomsep=\dimen118
\aboverulesep=\dimen119
\abovetopsep=\dimen120
\cmidrulesep=\dimen121
\cmidrulekern=\dimen122
\defaultaddspace=\dimen123
\@cmidla=\count102
\@cmidlb=\count103
\@aboverulesep=\dimen124
\@belowrulesep=\dimen125
\@thisruleclass=\count104
\@lastruleclass=\count105
\@thisrulewidth=\dimen126
\ctableftskip=\skip113
\ctabrightskip=\skip114
\abovecolumnspenalty=\count106
\@linestogo=\count107
\@cellstogo=\count108
\@cellsincolumn=\count109
\crtok=\toks17
\@mincolumnwidth=\dimen127
\c@newflo@tctr=\count110
\mem@margin@floatbox=\box26
\@contcwidth=\skip115
\@contindw=\skip116
\abovecaptionskip=\skip117
\belowcaptionskip=\skip118
\subfloattopskip=\skip119
\subfloatcapskip=\skip120
\subfloatcaptopadj=\skip121
\subfloatbottomskip=\skip122
\subfloatlabelskip=\skip123
\subfloatcapmargin=\dimen128
\c@@contsubnum=\count111
\m@mscap@capbox=\box27
\m@mscap@fbox=\box28
\sidecapsep=\dimen129
\sidecapwidth=\dimen130
\m@m@tempdima=\dimen131
\m@mscapraise=\dimen132
\sidecapraise=\dimen133
\m@mscapmainwidth=\dimen134
\m@mscaplkern=\dimen135
\beforeepigraphskip=\skip124
\afterepigraphskip=\skip125
\epigraphwidth=\skip126
\epigraphrule=\skip127
LaTeX Info: Redefining \em on input line 7492.
LaTeX Info: Redefining \emph on input line 7500.
\tocentryskip=\skip128
\tocbaseline=\skip129
\cftparskip=\skip130
\cftbeforebookskip=\skip131
\cftbookindent=\dimen136
\cftbooknumwidth=\dimen137
\cftbeforepartskip=\skip132
\cftpartindent=\skip133
\cftpartnumwidth=\skip134
\cftbeforechapterskip=\skip135
\cftchapterindent=\skip136
\cftchapternumwidth=\skip137
\cftbeforesectionskip=\skip138
\cftsectionindent=\skip139
\cftsectionnumwidth=\skip140
\cftbeforesubsectionskip=\skip141
\cftsubsectionindent=\skip142
\cftsubsectionnumwidth=\skip143
\cftbeforesubsubsectionskip=\skip144
\cftsubsubsectionindent=\skip145
\cftsubsubsectionnumwidth=\skip146
\cftbeforeparagraphskip=\skip147
\cftparagraphindent=\skip148
\cftparagraphnumwidth=\skip149
\cftbeforesubparagraphskip=\skip150
\cftsubparagraphindent=\skip151
\cftsubparagraphnumwidth=\skip152
\prechapterprecisshift=\dimen138
\c@maxsecnumdepth=\count112
\bibindent=\dimen139
\bibitemsep=\skip153
\indexcolsep=\skip154
\indexrule=\skip155
\indexmarkstyle=\toks18
\@indexbox=\insert233
\glossarycolsep=\dimen140
\glossaryrule=\dimen141
\sideparvshift=\skip156
\sideins=\insert232
\sidebartopsep=\skip157
\sidebarhsep=\skip158
\sidebarvsep=\skip159
\sidebarwidth=\skip160
\footmarkwidth=\skip161
\footmarksep=\skip162
\footparindent=\skip163
\footinsdim=\skip164
\footinsv@r=\insert231
\@mpfootinsv@r=\insert230
\m@m@k=\count113
\m@m@h=\dimen142
\m@mipn@skip=\skip165
\sidefootins=\insert229
\sidefootadjust=\skip166
\sidefootheight=\skip167
\sidefoothsep=\skip168
\sidefootvsep=\skip169
\sidefootwidth=\skip170
\m@mdownsf=\skip171
\c@sidefootnote=\count114
\sidefootmarkwidth=\skip172
\sidefootmarksep=\skip173
\sidefootparindent=\skip174
\c@pagenote=\count115
\c@pagenoteshadow=\count116
\mem@pn@lastkern=\skip175
\every@verbatim=\toks19
\afterevery@verbatim=\toks20
\verbatim@line=\toks21
\tab@position=\count117
\verbatim@in@stream=\read1
\verbatimindent=\skip176
\verbatim@out=\write3
\bvboxsep=\skip177
\c@memfbvline=\count118
\c@bvlinectr=\count119
\bvnumlength=\skip178
\fb@frw=\dimen143
\fb@frh=\dimen144
\FrameRule=\dimen145
\FrameSep=\dimen146
\c@cp@cntr=\count120
LaTeX Info: Redefining \: on input line 11958.
LaTeX Info: Redefining \! on input line 11960.
\c@ism@mctr=\count121
\c@xsm@mctr=\count122
\c@csm@mctr=\count123
\c@ksm@mctr=\count124
\c@xksm@mctr=\count125
\c@cksm@mctr=\count126
\c@msm@mctr=\count127
\c@xmsm@mctr=\count128
\c@cmsm@mctr=\count129
\c@bsm@mctr=\count130
\c@workm@mctr=\count131
\c@sheetsequence=\count132
\c@lastsheet=\count133
\c@lastpage=\count134
\c@figure=\count135
\c@lofdepth=\count136
\cftbeforefigureskip=\skip179
\cftfigureindent=\skip180
\cftfigurenumwidth=\skip181
\c@table=\count137
\c@lotdepth=\count138
\cftbeforetableskip=\skip182
\cfttableindent=\skip183
\cfttablenumwidth=\skip184
Package abstract [2008/07/23] emulated by memoir.
Package appendix [2008/07/23] emulated by memoir.
Package array [2008/09/09] emulated by memoir.
Package booktabs [2008/07/23] emulated by memoir.
Package ccaption [2008/07/23] emulated by memoir.
Package changepage [2008/07/23] emulated by memoir.
Package chngcntr [2008/07/23] emulated by memoir.
Package chngpage [2008/07/23] emulated by memoir.
Package crop emulated by memoir.
Package dcolumn [2008/07/23] emulated by memoir.
Package delarray [2008/07/23] emulated by memoir.
Package enumerate [2008/07/23] emulated by memoir.
Package epigraph [2008/07/23] emulated by memoir.
Package ifmtarg [2008/07/23] emulated by memoir.
Package index [2008/07/23] emulated by memoir.
Package makeidx [2008/07/23] emulated by memoir.
Package moreverb [2008/07/23] emulated by memoir.
Package mparhack [2008/07/23] emulated by memoir.
Package needspace [2008/07/23] emulated by memoir.
Package newfile [2008/07/23] emulated by memoir.
Package nextpage [2008/07/23] emulated by memoir.
Package pagenote [2008/07/23] emulated by memoir.
Package parskip [2008/07/23] emulated by memoir.
Package patchcmd [2008/07/23] emulated by memoir.
Package setspace [2008/07/23] emulated by memoir.
Package shortvrb [2008/07/23] emulated by memoir.
Package showidx [2008/07/23] emulated by memoir.
Package tabularx [2008/07/23] emulated by memoir.
Package titleref [2008/07/23] emulated by memoir.
Package titling [2008/07/23] emulated by memoir.
Package tocbibind [2008/07/23] emulated by memoir.
Package tocloft [2008/07/23] emulated by memoir.
Package tocvsec2 [2008/07/23] emulated by memoir.
Package verbatim [2008/07/23] emulated by memoir.
Package verse [2008/07/23] emulated by memoir.

(/usr/share/texlive/texmf-dist/tex/latex/memoir/mempatch.sty
Package: mempatch 2009/07/24 v6.0f Patches for memoir class v1.6180339
))
(./matfdoktorat.sty
Package: matfdoktorat 2015/10/01 v.1.0 MATF doktorska teza

(/usr/share/texlive/texmf-dist/tex/latex/polyglossia/polyglossia.sty
Package: polyglossia 2013/06/27 v1.33.4 Babel replacement for XeLaTeX and LuaTe
X

(/usr/share/texlive/texmf-dist/tex/latex/etoolbox/etoolbox.sty
Package: etoolbox 2011/01/03 v2.1 e-TeX tools for LaTeX
\etb@tempcnta=\count139
)
(/usr/share/texlive/texmf-dist/tex/latex/makecmds/makecmds.sty
Package: makecmds 2009/09/03 v1.0a extra command making commands
)
(/usr/share/texlive/texmf-dist/tex/latex/xkeyval/xkeyval.sty
Package: xkeyval 2012/10/14 v2.6b package option processing (HA)

(/usr/share/texlive/texmf-dist/tex/generic/xkeyval/xkeyval.tex
\XKV@toks=\toks22
\XKV@tempa@toks=\toks23
\XKV@depth=\count140
File: xkeyval.tex 2012/10/14 v2.6b key=value parser (HA)

(/usr/share/texlive/texmf-dist/tex/generic/xkeyval/keyval.tex)))
(/usr/share/texlive/texmf-dist/tex/latex/fontspec/fontspec.sty
Package: fontspec 2013/05/20 v2.3c Font selection for XeLaTeX and LuaLaTeX

(/usr/share/texlive/texmf-dist/tex/latex/l3kernel/expl3.sty
(/usr/share/texlive/texmf-dist/tex/latex/l3kernel/l3names.sty
(/usr/share/texlive/texmf-dist/tex/latex/l3kernel/l3bootstrap.sty
Package: l3bootstrap 2014/01/04 v4640 L3 Experimental bootstrap code
)
Package: l3names 2014/01/04 v4640 L3 Namespace for primitives
)
Package: expl3 2014/01/07 v4646 L3 Experimental code bundle wrapper

(/usr/share/texlive/texmf-dist/tex/latex/l3kernel/l3basics.sty
Package: l3basics 2014/01/04 v4642 L3 Basic definitions
)
(/usr/share/texlive/texmf-dist/tex/latex/l3kernel/l3expan.sty
Package: l3expan 2014/01/04 v4642 L3 Argument expansion
)
(/usr/share/texlive/texmf-dist/tex/latex/l3kernel/l3tl.sty
Package: l3tl 2013/12/27 v4625 L3 Token lists
)
(/usr/share/texlive/texmf-dist/tex/latex/l3kernel/l3seq.sty
Package: l3seq 2013/12/14 v4623 L3 Sequences and stacks
)
(/usr/share/texlive/texmf-dist/tex/latex/l3kernel/l3int.sty
Package: l3int 2013/08/02 v4583 L3 Integers
\c_max_int=\count141
\l_tmpa_int=\count142
\l_tmpb_int=\count143
\g_tmpa_int=\count144
\g_tmpb_int=\count145
)
(/usr/share/texlive/texmf-dist/tex/latex/l3kernel/l3quark.sty
Package: l3quark 2013/12/14 v4623 L3 Quarks
)
(/usr/share/texlive/texmf-dist/tex/latex/l3kernel/l3prg.sty
Package: l3prg 2014/01/04 v4642 L3 Control structures
\g__prg_map_int=\count146
)
(/usr/share/texlive/texmf-dist/tex/latex/l3kernel/l3clist.sty
Package: l3clist 2013/07/28 v4581 L3 Comma separated lists
)
(/usr/share/texlive/texmf-dist/tex/latex/l3kernel/l3token.sty
Package: l3token 2013/08/25 v4587 L3 Experimental token manipulation
)
(/usr/share/texlive/texmf-dist/tex/latex/l3kernel/l3prop.sty
Package: l3prop 2013/12/14 v4623 L3 Property lists
)
(/usr/share/texlive/texmf-dist/tex/latex/l3kernel/l3msg.sty
Package: l3msg 2013/07/28 v4581 L3 Messages
)
(/usr/share/texlive/texmf-dist/tex/latex/l3kernel/l3file.sty
Package: l3file 2013/10/13 v4596 L3 File and I/O operations
\l_iow_line_count_int=\count147
\l__iow_target_count_int=\count148
\l__iow_current_line_int=\count149
\l__iow_current_word_int=\count150
\l__iow_current_indentation_int=\count151
)
(/usr/share/texlive/texmf-dist/tex/latex/l3kernel/l3skip.sty
Package: l3skip 2013/07/28 v4581 L3 Dimensions and skips
\c_zero_dim=\dimen147
\c_max_dim=\dimen148
\l_tmpa_dim=\dimen149
\l_tmpb_dim=\dimen150
\g_tmpa_dim=\dimen151
\g_tmpb_dim=\dimen152
\c_zero_skip=\skip185
\c_max_skip=\skip186
\l_tmpa_skip=\skip187
\l_tmpb_skip=\skip188
\g_tmpa_skip=\skip189
\g_tmpb_skip=\skip190
\c_zero_muskip=\muskip10
\c_max_muskip=\muskip11
\l_tmpa_muskip=\muskip12
\l_tmpb_muskip=\muskip13
\g_tmpa_muskip=\muskip14
\g_tmpb_muskip=\muskip15
)
(/usr/share/texlive/texmf-dist/tex/latex/l3kernel/l3keys.sty
Package: l3keys 2013/12/08 v4614 L3 Experimental key-value interfaces
\g__keyval_level_int=\count152
\l_keys_choice_int=\count153
)
(/usr/share/texlive/texmf-dist/tex/latex/l3kernel/l3fp.sty
Package: l3fp 2014/01/04 v4642 L3 Floating points
\c__fp_leading_shift_int=\count154
\c__fp_middle_shift_int=\count155
\c__fp_trailing_shift_int=\count156
\c__fp_big_leading_shift_int=\count157
\c__fp_big_middle_shift_int=\count158
\c__fp_big_trailing_shift_int=\count159
\c__fp_Bigg_leading_shift_int=\count160
\c__fp_Bigg_middle_shift_int=\count161
\c__fp_Bigg_trailing_shift_int=\count162
)
(/usr/share/texlive/texmf-dist/tex/latex/l3kernel/l3box.sty
Package: l3box 2013/07/28 v4581 L3 Experimental boxes
\c_empty_box=\box29
\l_tmpa_box=\box30
\l_tmpb_box=\box31
\g_tmpa_box=\box32
\g_tmpb_box=\box33
)
(/usr/share/texlive/texmf-dist/tex/latex/l3kernel/l3coffins.sty
Package: l3coffins 2013/12/14 v4624 L3 Coffin code layer
\l__coffin_internal_box=\box34
\l__coffin_internal_dim=\dimen153
\l__coffin_offset_x_dim=\dimen154
\l__coffin_offset_y_dim=\dimen155
\l__coffin_x_dim=\dimen156
\l__coffin_y_dim=\dimen157
\l__coffin_x_prime_dim=\dimen158
\l__coffin_y_prime_dim=\dimen159
\c_empty_coffin=\box35
\l__coffin_aligned_coffin=\box36
\l__coffin_aligned_internal_coffin=\box37
\l_tmpa_coffin=\box38
\l_tmpb_coffin=\box39
\l__coffin_display_coffin=\box40
\l__coffin_display_coord_coffin=\box41
\l__coffin_display_pole_coffin=\box42
\l__coffin_display_offset_dim=\dimen160
\l__coffin_display_x_dim=\dimen161
\l__coffin_display_y_dim=\dimen162
)
(/usr/share/texlive/texmf-dist/tex/latex/l3kernel/l3color.sty
Package: l3color 2012/08/29 v4156 L3 Experimental color support
)
(/usr/share/texlive/texmf-dist/tex/latex/l3kernel/l3luatex.sty
Package: l3luatex 2013/07/28 v4581 L3 Experimental LuaTeX-specific functions
\g__cctab_allocate_int=\count163
\g__cctab_stack_int=\count164
)
(/usr/share/texlive/texmf-dist/tex/latex/l3kernel/l3candidates.sty
Package: l3candidates 2014/01/06 v4643 L3 Experimental additions to l3kernel
\l__box_top_dim=\dimen163
\l__box_bottom_dim=\dimen164
\l__box_left_dim=\dimen165
\l__box_right_dim=\dimen166
\l__box_top_new_dim=\dimen167
\l__box_bottom_new_dim=\dimen168
\l__box_left_new_dim=\dimen169
\l__box_right_new_dim=\dimen170
\l__box_internal_box=\box43
\l__coffin_bounding_shift_dim=\dimen171
\l__coffin_left_corner_dim=\dimen172
\l__coffin_right_corner_dim=\dimen173
\l__coffin_bottom_corner_dim=\dimen174
\l__coffin_top_corner_dim=\dimen175
\l__coffin_scaled_total_height_dim=\dimen176
\l__coffin_scaled_width_dim=\dimen177
))
(/usr/share/texlive/texmf-dist/tex/latex/l3packages/xparse/xparse.sty
Package: xparse 2013/12/31 v4634 L3 Experimental document command parser
\l__xparse_current_arg_int=\count165
\l__xparse_m_args_int=\count166
\l__xparse_mandatory_args_int=\count167
\l__xparse_processor_int=\count168
\l__xparse_v_nesting_int=\count169
)
\l_fontspec_script_int=\count170
\l_fontspec_language_int=\count171
\l_fontspec_strnum_int=\count172
\l_fontspec_tmpa_dim=\dimen178
\l_fontspec_tmpb_dim=\dimen179
\l_fontspec_tmpc_dim=\dimen180
Variant \tl_gset:cV already defined; not changing it on line 69

(/usr/share/texlive/texmf-dist/tex/latex/fontspec/fontspec-patches.sty
Package: fontspec-patches 2013/05/20 v2.3c Font selection for XeLaTeX and LuaLa
TeX

(/usr/share/texlive/texmf-dist/tex/latex/base/fixltx2e.sty
Package: fixltx2e 2006/09/13 v1.1m fixes to LaTeX
LaTeX Info: Redefining \em on input line 420.
LaTeX Info: Redefining \textsubscript on input line 424.
)
LaTeX Info: Redefining \em on input line 22.
LaTeX Info: Redefining \emph on input line 30.
LaTeX Info: Redefining \- on input line 33.

*************************************************
* LaTeX warning: "xparse/redefine-command"
* 
* Redefining document command \oldstylenums with arg. spec. 'm' on line 128.
*************************************************
.................................................
. LaTeX info: "xparse/define-command"
. 
. Defining document command \liningnums with arg. spec. 'm' on line 132.
.................................................
) (/usr/share/texlive/texmf-dist/tex/latex/fontspec/fontspec-xetex.sty
Package: fontspec-xetex 2013/05/20 v2.3c Font selection for XeLaTeX and LuaLaTe
X

(/usr/share/texlive/texmf-dist/tex/latex/base/fontenc.sty
Package: fontenc 2005/09/27 v1.99g Standard LaTeX package

(/usr/share/texlive/texmf-dist/tex/latex/euenc/eu1enc.def
File: eu1enc.def 2010/05/27 v0.1h Experimental Unicode font encodings
)
LaTeX Font Info:    Try loading font information for EU1+lmr on input line 100.


(/usr/share/texlive/texmf-dist/tex/latex/euenc/eu1lmr.fd
File: eu1lmr.fd 2009/10/30 v1.6 Font defs for Latin Modern
))
(/usr/share/texlive/texmf-dist/tex/xelatex/xunicode/xunicode.sty
File: xunicode.sty 2011/09/09 v0.981 provides access to latin accents and many 
other characters in Unicode lower plane

(/usr/share/texmf/tex/latex/tipa/t3enc.def
File: t3enc.def 2001/12/31 T3 encoding
LaTeX Font Info:    Try loading font information for EU1+lmss on input line 357
.

(/usr/share/texlive/texmf-dist/tex/latex/euenc/eu1lmss.fd
File: eu1lmss.fd 2009/10/30 v1.6 Font defs for Latin Modern
))
\tipaTiiicode=\count173
\tipasavetokens=\toks24
\tipachecktokens=\toks25

(/usr/share/texlive/texmf-dist/tex/latex/graphics/graphicx.sty
Package: graphicx 1999/02/16 v1.0f Enhanced LaTeX Graphics (DPC,SPQR)

(/usr/share/texlive/texmf-dist/tex/latex/graphics/graphics.sty
Package: graphics 2009/02/05 v1.0o Standard LaTeX Graphics (DPC,SPQR)

(/usr/share/texlive/texmf-dist/tex/latex/graphics/trig.sty
Package: trig 1999/03/16 v1.09 sin cos tan (DPC)
)
(/usr/share/texlive/texmf-dist/tex/latex/latexconfig/graphics.cfg
File: graphics.cfg 2010/04/23 v1.9 graphics configuration of TeX Live
)
Package graphics Info: Driver file: xetex.def on input line 91.

(/usr/share/texlive/texmf-dist/tex/xelatex/xetex-def/xetex.def
File: xetex.def 2013/04/29 v0.96 LaTeX color/graphics driver for XeTeX (RRM/JK)

))
\Gin@req@height=\dimen181
\Gin@req@width=\dimen182
))
.................................................
. LaTeX info: "xparse/define-command"
. 
. Defining document command \fontspec with arg. spec. 'O{}m' on line 41.
.................................................
.................................................
. LaTeX info: "xparse/define-command"
. 
. Defining document command \setmainfont with arg. spec. 'O{}m' on line 46.
.................................................
.................................................
. LaTeX info: "xparse/define-command"
. 
. Defining document command \setsansfont with arg. spec. 'O{}m' on line 51.
.................................................
.................................................
. LaTeX info: "xparse/define-command"
. 
. Defining document command \setmonofont with arg. spec. 'O{}m' on line 56.
.................................................
.................................................
. LaTeX info: "xparse/define-command"
. 
. Defining document command \setmathrm with arg. spec. 'O{}m' on line 65.
.................................................
.................................................
. LaTeX info: "xparse/define-command"
. 
. Defining document command \setboldmathrm with arg. spec. 'O{}m' on line 69.
.................................................
.................................................
. LaTeX info: "xparse/define-command"
. 
. Defining document command \setmathsf with arg. spec. 'O{}m' on line 73.
.................................................
.................................................
. LaTeX info: "xparse/define-command"
. 
. Defining document command \setmathtt with arg. spec. 'O{}m' on line 77.
.................................................
.................................................
. LaTeX info: "xparse/define-command"
. 
. Defining document command \newfontfamily with arg. spec. 'mO{}m' on line 96.
.................................................
.................................................
. LaTeX info: "xparse/define-command"
. 
. Defining document command \newfontface with arg. spec. 'mO{}m' on line 100.
.................................................
.................................................
. LaTeX info: "xparse/define-command"
. 
. Defining document command \defaultfontfeatures with arg. spec. 'om' on line
. 108.
.................................................
.................................................
. LaTeX info: "xparse/define-command"
. 
. Defining document command \addfontfeatures with arg. spec. 'm' on line 144.
.................................................
.................................................
. LaTeX info: "xparse/define-command"
. 
. Defining document command \newfontfeature with arg. spec. 'mm' on line 156.
.................................................
.................................................
. LaTeX info: "xparse/define-command"
. 
. Defining document command \newAATfeature with arg. spec. 'mmmm' on line 164.
.................................................
.................................................
. LaTeX info: "xparse/define-command"
. 
. Defining document command \newICUfeature with arg. spec. 'mmm' on line 172.
.................................................
.................................................
. LaTeX info: "xparse/define-command"
. 
. Defining document command \aliasfontfeature with arg. spec. 'mm' on line
. 201.
.................................................
.................................................
. LaTeX info: "xparse/define-command"
. 
. Defining document command \aliasfontfeatureoption with arg. spec. 'mmm' on
. line 203.
.................................................
.................................................
. LaTeX info: "xparse/define-command"
. 
. Defining document command \newfontscript with arg. spec. 'mm' on line 208.
.................................................
.................................................
. LaTeX info: "xparse/define-command"
. 
. Defining document command \newfontlanguage with arg. spec. 'mm' on line 235.
.................................................
.................................................
. LaTeX info: "xparse/define-command"
. 
. Defining document command \DeclareFontsExtensions with arg. spec. 'm' on
. line 256.
.................................................
Variant \prop_gput:cnV already defined; not changing it on line 582
Variant \prop_gput:cnx already defined; not changing it on line 583
\l_fontspec_tmp_int=\count174
LaTeX Info: Redefining \itshape on input line 2087.
LaTeX Info: Redefining \slshape on input line 2092.
LaTeX Info: Redefining \scshape on input line 2097.
LaTeX Info: Redefining \upshape on input line 2102.

(/usr/share/texlive/texmf-dist/tex/latex/fontspec/fontspec.cfg)))
\xpg@normalclass=\XeTeXintercharclass4
)
(/usr/share/texlive/texmf-dist/tex/latex/polyglossia/gloss-serbian.ldf
File: gloss-serbian.ldf polyglossia: module for serbian
Package polyglossia Info: Skipping automatic font setup for language serbian.
)
Package polyglossia Info: Default language is serbian.

(/usr/share/texlive/texmf-dist/tex/latex/polyglossia/gloss-english.ldf
File: gloss-english.ldf polyglossia: module for english
)
\g__file_internal_ior=\read2
\g_fontspec_family_CMU Serif_int=\count175
.................................................
. fontspec info: "defining-font"
. 
. Font family 'CMUSerif(0)' created for font 'CMU Serif' with options
. [Mapping=tex-text,].
. 
. This font family consists of the following shapes:
. 
. * 'normal' with NFSS spec.:
. <->"CMU Serif/ICU:script=latn;language=DFLT;mapping=tex-text;"
. 
. * 'small caps' with NFSS spec.:
. <->"CMU Serif/ICU:script=latn;language=DFLT;mapping=tex-text;+smcp;"
. 
. * 'bold' with NFSS spec.:
. <->"CMU Serif/B/ICU:script=latn;language=DFLT;mapping=tex-text;"
. 
. * 'bold small caps' with NFSS spec.:
. <->"CMU Serif/B/ICU:script=latn;language=DFLT;mapping=tex-text;+smcp;"
. 
. * 'italic' with NFSS spec.:
. <->"CMU Serif/I/ICU:script=latn;language=DFLT;mapping=tex-text;"
. 
. * 'bold italic' with NFSS spec.:
. <->"CMU Serif/BI/ICU:script=latn;language=DFLT;mapping=tex-text;"
.................................................


! LaTeX Error: Missing \begin{document}.

See the LaTeX manual or LaTeX Companion for explanation.
Type  H <return>  for immediate help.
 ...                                              
                                                  
l.63     \setmainfont{CMU Serif}[
                                 %
? 
.................................................
. fontspec info: "defining-font"
. 
. Font family 'CMUSerif(1)' created for font 'CMU Serif' with options
. [Mapping=tex-text,,Script=Cyrillic].
. 
. This font family consists of the following shapes:
. 
. * 'normal' with NFSS spec.:
. <->"CMU Serif/ICU:script=cyrl;language=DFLT;mapping=tex-text;"
. 
. * 'small caps' with NFSS spec.:
. <->"CMU Serif/ICU:script=cyrl;language=DFLT;mapping=tex-text;+smcp;"
. 
. * 'bold' with NFSS spec.:
. <->"CMU Serif/B/ICU:script=cyrl;language=DFLT;mapping=tex-text;"
. 
. * 'bold small caps' with NFSS spec.:
. <->"CMU Serif/B/ICU:script=cyrl;language=DFLT;mapping=tex-text;+smcp;"
. 
. * 'italic' with NFSS spec.:
. <->"CMU Serif/I/ICU:script=cyrl;language=DFLT;mapping=tex-text;"
. 
. * 'bold italic' with NFSS spec.:
. <->"CMU Serif/BI/ICU:script=cyrl;language=DFLT;mapping=tex-text;"
.................................................
.................................................
. fontspec info: "defining-font"
. 
. Font family 'CMUSerif(2)' created for font 'CMU Serif' with options
. [Mapping=tex-text,,Script=Cyrillic,Language=Serbian].
. 
. This font family consists of the following shapes:
. 
. * 'normal' with NFSS spec.:
. <->"CMU Serif/ICU:script=cyrl;language=SRB;mapping=tex-text;"
. 
. * 'bold' with NFSS spec.:
. <->"CMU Serif/B/ICU:script=cyrl;language=SRB;mapping=tex-text;"
. 
. * 'italic' with NFSS spec.:
. <->"CMU Serif/I/ICU:script=cyrl;language=SRB;mapping=tex-text;"
. 
. * 'bold italic' with NFSS spec.:
. <->"CMU Serif/BI/ICU:script=cyrl;language=SRB;mapping=tex-text;"
.................................................
\g_fontspec_family_Open Sans_int=\count176
.................................................
. fontspec info: "defining-font"
. 
. Font family 'OpenSans(0)' created for font 'Open Sans' with options
. [Mapping=tex-text,].
. 
. This font family consists of the following shapes:
. 
. * 'normal' with NFSS spec.:
. <->"Open Sans/ICU:script=latn;language=DFLT;mapping=tex-text;"
. 
. * 'bold' with NFSS spec.:
. <->"Open Sans/B/ICU:script=latn;language=DFLT;mapping=tex-text;"
. 
. * 'italic' with NFSS spec.:
. <->"Open Sans/I/ICU:script=latn;language=DFLT;mapping=tex-text;"
. 
. * 'bold italic' with NFSS spec.:
. <->"Open Sans/BI/ICU:script=latn;language=DFLT;mapping=tex-text;"
.................................................

Overfull \hbox (25.03574pt too wide) in paragraph at lines 63--71
[]\EU1/CMUSerif(0)/m/n/10 [SmallCapsFont=CMU Serif, SmallCapsFeatures=Language=
Default,Letters=SmallCaps]
 []

\fntht=\skip191
(/usr/share/texlive/texmf-dist/tex/latex/pdfpages/pdfpages.sty
Package: pdfpages 2013/08/25 v0.4v Insert pages of external PDF documents (AM)

(/usr/share/texlive/texmf-dist/tex/latex/base/ifthen.sty
Package: ifthen 2001/05/26 v1.1c Standard LaTeX ifthen package (DPC)
)
(/usr/share/texlive/texmf-dist/tex/latex/tools/calc.sty
Package: calc 2007/08/22 v4.3 Infix arithmetic (KKT,FJ)
\calc@Acount=\count177
\calc@Bcount=\count178
\calc@Adimen=\dimen183
\calc@Bdimen=\dimen184
\calc@Askip=\skip192
\calc@Bskip=\skip193
LaTeX Info: Redefining \setlength on input line 76.
LaTeX Info: Redefining \addtolength on input line 77.
\calc@Ccount=\count179
\calc@Cskip=\skip194
)
(/usr/share/texlive/texmf-dist/tex/latex/eso-pic/eso-pic.sty
Package: eso-pic 2013/10/06 v2.0d eso-pic (RN)

(/usr/share/texlive/texmf-dist/tex/generic/oberdiek/atbegshi.sty
Package: atbegshi 2011/10/05 v1.16 At begin shipout hook (HO)

(/usr/share/texlive/texmf-dist/tex/generic/oberdiek/infwarerr.sty
Package: infwarerr 2010/04/08 v1.3 Providing info/warning/error messages (HO)
)
(/usr/share/texlive/texmf-dist/tex/generic/oberdiek/ltxcmds.sty
Package: ltxcmds 2011/11/09 v1.22 LaTeX kernel commands for general use (HO)
))
(/usr/share/texmf/tex/latex/xcolor/xcolor.sty
Package: xcolor 2007/01/21 v2.11 LaTeX color extensions (UK)

(/usr/share/texlive/texmf-dist/tex/latex/latexconfig/color.cfg
File: color.cfg 2007/01/18 v1.5 color configuration of teTeX/TeXLive
)
Package xcolor Info: Driver file: xetex.def on input line 225.
Package xcolor Info: Model `cmy' substituted by `cmy0' on input line 1337.
Package xcolor Info: Model `RGB' extended on input line 1353.
Package xcolor Info: Model `HTML' substituted by `rgb' on input line 1355.
Package xcolor Info: Model `Hsb' substituted by `hsb' on input line 1356.
Package xcolor Info: Model `tHsb' substituted by `hsb' on input line 1357.
Package xcolor Info: Model `HSB' substituted by `hsb' on input line 1358.
Package xcolor Info: Model `Gray' substituted by `gray' on input line 1359.
Package xcolor Info: Model `wave' substituted by `hsb' on input line 1360.
))
(/usr/share/texlive/texmf-dist/tex/latex/pdfpages/ppxetex.def
File: ppxetex.def 2013/08/25 v0.4v Pdfpages driver for XeTeX (AM)
)
\AM@pagebox=\box44
\AM@toc@title=\toks26
\c@AM@survey=\count180
\AM@templatesizebox=\box45
)
(/usr/share/texlive/texmf-dist/tex/latex/url/url.sty
\Urlmuskip=\muskip16
Package: url 2013/09/16  ver 3.4  Verb mode for urls, etc.
)
(/usr/share/texlive/texmf-dist/tex/latex/csquotes/csquotes.sty
Package: csquotes 2011/10/22 v5.1d context-sensitive quotations
\csq@reset=\count181
\csq@gtype=\count182
\csq@glevel=\count183
\csq@qlevel=\count184
\csq@maxlvl=\count185
\csq@tshold=\count186
\csq@ltx@everypar=\toks27

(/usr/share/texlive/texmf-dist/tex/latex/csquotes/csquotes.def
File: csquotes.def 2011/10/22 v5.1d csquotes generic definitions
)
Package csquotes Info: Trying to load configuration file 'csquotes.cfg'...
Package csquotes Info: ... configuration file loaded successfully.

(/usr/share/texlive/texmf-dist/tex/latex/csquotes/csquotes.cfg
File: csquotes.cfg 
))
Package csquotes Info: Allocating character ".

(/usr/share/texlive/texmf-dist/tex/latex/hyperref/hyperref.sty
Package: hyperref 2012/11/06 v6.83m Hypertext links for LaTeX

(/usr/share/texlive/texmf-dist/tex/generic/oberdiek/hobsub-hyperref.sty
Package: hobsub-hyperref 2012/05/28 v1.13 Bundle oberdiek, subset hyperref (HO)


(/usr/share/texlive/texmf-dist/tex/generic/oberdiek/hobsub-generic.sty
Package: hobsub-generic 2012/05/28 v1.13 Bundle oberdiek, subset generic (HO)
Package: hobsub 2012/05/28 v1.13 Construct package bundles (HO)
Package hobsub Info: Skipping package `infwarerr' (already loaded).
Package hobsub Info: Skipping package `ltxcmds' (already loaded).
Package hobsub Info: Skipping package `ifluatex' (already loaded).
Package: ifvtex 2010/03/01 v1.5 Detect VTeX and its facilities (HO)
Package ifvtex Info: VTeX not detected.
Package: intcalc 2007/09/27 v1.1 Expandable calculations with integers (HO)
Package hobsub Info: Skipping package `ifpdf' (already loaded).
Package: etexcmds 2011/02/16 v1.5 Avoid name clashes with e-TeX commands (HO)
Package etexcmds Info: Could not find \expanded.
(etexcmds)             That can mean that you are not using pdfTeX 1.50 or
(etexcmds)             that some package has redefined \expanded.
(etexcmds)             In the latter case, load this package earlier.
Package: kvsetkeys 2012/04/25 v1.16 Key value parser (HO)
Package: kvdefinekeys 2011/04/07 v1.3 Define keys (HO)
Package: pdftexcmds 2011/11/29 v0.20 Utility functions of pdfTeX for LuaTeX (HO
)
Package pdftexcmds Info: LuaTeX not detected.
Package pdftexcmds Info: pdfTeX >= 1.30 not detected.
Package pdftexcmds Info: \pdf@primitive is available.
Package pdftexcmds Info: \pdf@ifprimitive is available.
Package pdftexcmds Info: \pdfdraftmode not found.
Package: pdfescape 2011/11/25 v1.13 Implements pdfTeX's escape features (HO)
Package: bigintcalc 2012/04/08 v1.3 Expandable calculations on big integers (HO
)
Package: bitset 2011/01/30 v1.1 Handle bit-vector datatype (HO)
Package: uniquecounter 2011/01/30 v1.2 Provide unlimited unique counter (HO)
)
Package hobsub Info: Skipping package `hobsub' (already loaded).
Package: letltxmacro 2010/09/02 v1.4 Let assignment for LaTeX macros (HO)
Package: hopatch 2012/05/28 v1.2 Wrapper for package hooks (HO)
Package: xcolor-patch 2011/01/30 xcolor patch
Package: atveryend 2011/06/30 v1.8 Hooks at the very end of document (HO)
Package hobsub Info: Skipping package `atbegshi' (already loaded).
Package: refcount 2011/10/16 v3.4 Data extraction from label references (HO)
Package: hycolor 2011/01/30 v1.7 Color options for hyperref/bookmark (HO)
)
(/usr/share/texlive/texmf-dist/tex/latex/oberdiek/auxhook.sty
Package: auxhook 2011/03/04 v1.3 Hooks for auxiliary files (HO)
)
(/usr/share/texlive/texmf-dist/tex/latex/oberdiek/kvoptions.sty
Package: kvoptions 2011/06/30 v3.11 Key value format for package options (HO)
)
\@linkdim=\dimen185
\Hy@linkcounter=\count187
\Hy@pagecounter=\count188

(/usr/share/texlive/texmf-dist/tex/latex/hyperref/pd1enc.def
File: pd1enc.def 2012/11/06 v6.83m Hyperref: PDFDocEncoding definition (HO)
)
\Hy@SavedSpaceFactor=\count189
 (./hyperref.cfg

Package hyperref Warning: Unexpected value for option `hidelinks'
(hyperref)                is ignored on input line 4.

)
Package hyperref Info: Option `unicode' set `true' on input line 4319.
 (/usr/share/texlive/texmf-dist/tex/latex/hyperref/puenc.def
File: puenc.def 2012/11/06 v6.83m Hyperref: PDF Unicode definition (HO)
)
Package hyperref Info: Hyper figures OFF on input line 4443.
Package hyperref Info: Link nesting OFF on input line 4448.
Package hyperref Info: Hyper index ON on input line 4451.
Package hyperref Info: Plain pages OFF on input line 4458.
Package hyperref Info: Backreferencing OFF on input line 4463.
Package hyperref Info: Implicit mode ON; LaTeX internals redefined.
Package hyperref Info: Bookmarks ON on input line 4688.
\c@Hy@tempcnt=\count190
LaTeX Info: Redefining \url on input line 5041.
\XeTeXLinkMargin=\dimen186
\Fld@menulength=\count191
\Field@Width=\dimen187
\Fld@charsize=\dimen188
Package hyperref Info: Hyper figures OFF on input line 6295.
Package hyperref Info: Link nesting OFF on input line 6300.
Package hyperref Info: Hyper index ON on input line 6303.
Package hyperref Info: backreferencing OFF on input line 6310.
Package hyperref Info: Link coloring OFF on input line 6315.
Package hyperref Info: Link coloring with OCG OFF on input line 6320.
Package hyperref Info: PDF/A mode OFF on input line 6325.
LaTeX Info: Redefining \ref on input line 6365.
LaTeX Info: Redefining \pageref on input line 6369.
\Hy@abspage=\count192
\c@Item=\count193
\c@Hfootnote=\count194
)
(/usr/share/texlive/texmf-dist/tex/latex/memoir/memhfixc.sty
Package: memhfixc 2013/05/30 v1.17 nameref/hyperref package fixes for memoir cl
ass
\c@memhycontfloat=\count195
\c@Hpagenote=\count196
)

Package hyperref Message: Driver: hxetex.

(/usr/share/texlive/texmf-dist/tex/latex/hyperref/hxetex.def
File: hxetex.def 2012/11/06 v6.83m Hyperref driver for XeTeX

(/usr/share/texlive/texmf-dist/tex/generic/oberdiek/stringenc.sty
Package: stringenc 2011/12/02 v1.10 Convert strings between diff. encodings (HO
)
)
\pdfm@box=\box46
Normal \count register pool exhausted, switching to extended pool.
\c@Hy@AnnotLevel=\count277
\HyField@AnnotCount=\count278
\Fld@listcount=\count279
\c@bookmark@seq@number=\count280

(/usr/share/texlive/texmf-dist/tex/latex/oberdiek/rerunfilecheck.sty
Package: rerunfilecheck 2011/04/15 v1.7 Rerun checks for auxiliary files (HO)
Package rerunfilecheck Info: Feature \pdfmdfivesum is not available
(rerunfilecheck)             (e.g. pdfTeX or LuaTeX with package `pdftexcmds').

(rerunfilecheck)             Therefore file contents cannot be checked efficien
tly
(rerunfilecheck)             and the loading of the package is aborted.
)
\Hy@SectionHShift=\skip195
)

******************************************************
Stock height and width: 296.9965mm by 209.99753mm
Top and edge trims: 0mm and 0mm
Page height and width: 296.9965mm by 209.99753mm
Text height and width: 223.35008mm by 149.72012mm
Spine and edge margins: 29.99963mm and 29.99963mm
Upper and lower margins: 40.19185mm and 33.45456mm
Headheight and headsep: 5.60574mm and 5.0961mm
Footskip: 10.19221mm
Columnsep and columnseprule: 3.51456mm and 0mm
Marginparsep and marginparwidth: 2.46019mm and 25.07925mm
Sidecapsep and sidecapwidth: 2.46019mm and 14.76114mm
Sidebarhsep and sidebarwidth: 2.46019mm and 14.76114mm
Sidebarvsep and sidebartopsep: 5.0961mm and 0mm
Sidebarheight: 207.41154mm
Sidefoothsep and sidefootwidth: 2.46019mm and 14.76114mm
Sidefootvsep and sidefootheight: 5.0961mm and 207.41154mm
******************************************************

) (./pangrami.sty
Package: pangrami 2015/10/01 v.1.0 Pangrami na srpskom jeziku

(/usr/share/texlive/texmf-dist/tex/generic/oberdiek/iflang.sty
Package: iflang 2007/11/11 v1.5 Checks for the current language (HO)
Package iflang Info: Naming convention for patterns: babel.
))
Package csquotes Info: Checking for multilingual support...
Package csquotes Info: ... found 'polyglossia' package.


Package csquotes Warning: Using preliminary 'polyglossia' interface.
(csquotes)                Some of the multilingual features may not
(csquotes)                work as expected.

Package csquotes Info: Adjusting default style.
Package csquotes Info: Redefining alias 'default' -> 'serbian'.
(./matfdoktorat-primer.aux
.................................................
. fontspec info: "defining-font"
. 
. Font family 'CMUSerif(1)' created for font 'CMU Serif' with options
. [Mapping=tex-text,,Script=Cyrillic].
. 
. This font family consists of the following shapes:
.................................................
.................................................
. fontspec info: "defining-font"
. 
. Font family 'CMUSerif(2)' created for font 'CMU Serif' with options
. [Mapping=tex-text,,Script=Cyrillic,Language=Serbian].
. 
. This font family consists of the following shapes:
.................................................
.................................................
. fontspec info: "defining-font"
. 
. Font family 'CMUSerif(1)' created for font 'CMU Serif' with options
. [Mapping=tex-text,,Script=Cyrillic].
. 
. This font family consists of the following shapes:
.................................................
.................................................
. fontspec info: "defining-font"
. 
. Font family 'CMUSerif(2)' created for font 'CMU Serif' with options
. [Mapping=tex-text,,Script=Cyrillic,Language=Serbian].
. 
. This font family consists of the following shapes:
.................................................
.................................................
. fontspec info: "defining-font"
. 
. Font family 'CMUSerif(1)' created for font 'CMU Serif' with options
. [Mapping=tex-text,,Script=Cyrillic].
. 
. This font family consists of the following shapes:
.................................................
.................................................
. fontspec info: "defining-font"
. 
. Font family 'CMUSerif(2)' created for font 'CMU Serif' with options
. [Mapping=tex-text,,Script=Cyrillic,Language=Serbian].
. 
. This font family consists of the following shapes:
.................................................
.................................................
. fontspec info: "defining-font"
. 
. Font family 'CMUSerif(1)' created for font 'CMU Serif' with options
. [Mapping=tex-text,,Script=Cyrillic].
. 
. This font family consists of the following shapes:
.................................................
.................................................
. fontspec info: "defining-font"
. 
. Font family 'CMUSerif(2)' created for font 'CMU Serif' with options
. [Mapping=tex-text,,Script=Cyrillic,Language=Serbian].
. 
. This font family consists of the following shapes:
.................................................
)
\openout1 = `matfdoktorat-primer.aux'.

LaTeX Font Info:    Checking defaults for OML/cmm/m/it on input line 86.
LaTeX Font Info:    ... okay on input line 86.
LaTeX Font Info:    Checking defaults for T1/cmr/m/n on input line 86.
LaTeX Font Info:    ... okay on input line 86.
LaTeX Font Info:    Checking defaults for OT1/cmr/m/n on input line 86.
LaTeX Font Info:    ... okay on input line 86.
LaTeX Font Info:    Checking defaults for OMS/cmsy/m/n on input line 86.
LaTeX Font Info:    ... okay on input line 86.
LaTeX Font Info:    Checking defaults for OMX/cmex/m/n on input line 86.
LaTeX Font Info:    ... okay on input line 86.
LaTeX Font Info:    Checking defaults for U/cmr/m/n on input line 86.
LaTeX Font Info:    ... okay on input line 86.
LaTeX Font Info:    Checking defaults for EU1/lmr/m/n on input line 86.
LaTeX Font Info:    ... okay on input line 86.
LaTeX Font Info:    Checking defaults for T3/cmr/m/n on input line 86.
LaTeX Font Info:    Try loading font information for T3+cmr on input line 86.
 (/usr/share/texmf/tex/latex/tipa/t3cmr.fd
File: t3cmr.fd 2001/12/31 TIPA font definitions
)
LaTeX Font Info:    ... okay on input line 86.
LaTeX Font Info:    Checking defaults for PD1/pdf/m/n on input line 86.
LaTeX Font Info:    ... okay on input line 86.
LaTeX Font Info:    Checking defaults for PU/pdf/m/n on input line 86.
LaTeX Font Info:    ... okay on input line 86.
.................................................
. fontspec info: "setup-math"
. 
. Adjusting the maths setup (use [no-math] to avoid this).
.................................................
\symlegacymaths=\mathgroup4
LaTeX Font Info:    Overwriting symbol font `legacymaths' in version `bold'
(Font)                  OT1/cmr/m/n --> OT1/cmr/bx/n on input line 86.
LaTeX Font Info:    Redeclaring math accent \acute on input line 86.
LaTeX Font Info:    Redeclaring math accent \grave on input line 86.
LaTeX Font Info:    Redeclaring math accent \ddot on input line 86.
LaTeX Font Info:    Redeclaring math accent \tilde on input line 86.
LaTeX Font Info:    Redeclaring math accent \bar on input line 86.
LaTeX Font Info:    Redeclaring math accent \breve on input line 86.
LaTeX Font Info:    Redeclaring math accent \check on input line 86.
LaTeX Font Info:    Redeclaring math accent \hat on input line 86.
LaTeX Font Info:    Redeclaring math accent \dot on input line 86.
LaTeX Font Info:    Redeclaring math accent \mathring on input line 86.
LaTeX Font Info:    Redeclaring math symbol \colon on input line 86.
LaTeX Font Info:    Redeclaring math symbol \Gamma on input line 86.
LaTeX Font Info:    Redeclaring math symbol \Delta on input line 86.
LaTeX Font Info:    Redeclaring math symbol \Theta on input line 86.
LaTeX Font Info:    Redeclaring math symbol \Lambda on input line 86.
LaTeX Font Info:    Redeclaring math symbol \Xi on input line 86.
LaTeX Font Info:    Redeclaring math symbol \Pi on input line 86.
LaTeX Font Info:    Redeclaring math symbol \Sigma on input line 86.
LaTeX Font Info:    Redeclaring math symbol \Upsilon on input line 86.
LaTeX Font Info:    Redeclaring math symbol \Phi on input line 86.
LaTeX Font Info:    Redeclaring math symbol \Psi on input line 86.
LaTeX Font Info:    Redeclaring math symbol \Omega on input line 86.
LaTeX Font Info:    Redeclaring math symbol \mathdollar on input line 86.
LaTeX Font Info:    Redeclaring symbol font `operators' on input line 86.
LaTeX Font Info:    Encoding `OT1' has changed to `EU1' for symbol font
(Font)              `operators' in the math version `normal' on input line 86.
LaTeX Font Info:    Overwriting symbol font `operators' in version `normal'
(Font)                  OT1/cmr/m/n --> EU1/CMUSerif(0)/m/n on input line 86.
LaTeX Font Info:    Encoding `OT1' has changed to `EU1' for symbol font
(Font)              `operators' in the math version `bold' on input line 86.
LaTeX Font Info:    Overwriting symbol font `operators' in version `bold'
(Font)                  OT1/cmr/bx/n --> EU1/CMUSerif(0)/m/n on input line 86.
LaTeX Font Info:    Overwriting symbol font `operators' in version `normal'
(Font)                  EU1/CMUSerif(0)/m/n --> EU1/CMUSerif(0)/m/n on input li
ne 86.
LaTeX Font Info:    Overwriting math alphabet `\mathrm' in version `normal'
(Font)                  EU1/CMUSerif(0)/m/n --> EU1/CMUSerif(0)/m/n on input li
ne 86.
LaTeX Font Info:    Overwriting math alphabet `\mathit' in version `normal'
(Font)                  OT1/cmr/m/it --> EU1/CMUSerif(0)/m/it on input line 86.

LaTeX Font Info:    Overwriting math alphabet `\mathbf' in version `normal'
(Font)                  OT1/cmr/bx/n --> EU1/CMUSerif(0)/bx/n on input line 86.

LaTeX Font Info:    Overwriting math alphabet `\mathsf' in version `normal'
(Font)                  OT1/cmss/m/n --> EU1/lmss/m/n on input line 86.
LaTeX Font Info:    Overwriting math alphabet `\mathtt' in version `normal'
(Font)                  OT1/cmtt/m/n --> EU1/lmtt/m/n on input line 86.
LaTeX Font Info:    Overwriting symbol font `operators' in version `bold'
(Font)                  EU1/CMUSerif(0)/m/n --> EU1/CMUSerif(0)/bx/n on input l
ine 86.
LaTeX Font Info:    Overwriting math alphabet `\mathrm' in version `bold'
(Font)                  EU1/CMUSerif(0)/m/n --> EU1/CMUSerif(0)/bx/n on input l
ine 86.
LaTeX Font Info:    Overwriting math alphabet `\mathit' in version `bold'
(Font)                  OT1/cmr/bx/it --> EU1/CMUSerif(0)/bx/it on input line 8
6.
LaTeX Font Info:    Overwriting math alphabet `\mathsf' in version `bold'
(Font)                  OT1/cmss/bx/n --> EU1/lmss/bx/n on input line 86.
LaTeX Font Info:    Overwriting math alphabet `\mathtt' in version `bold'
(Font)                  OT1/cmtt/m/n --> EU1/lmtt/bx/n on input line 86.
.................................................
. fontspec info: "defining-font"
. 
. Font family 'CMUSerif(1)' created for font 'CMU Serif' with options
. [Mapping=tex-text,,Script=Cyrillic].
. 
. This font family consists of the following shapes:
.................................................
.................................................
. fontspec info: "defining-font"
. 
. Font family 'CMUSerif(2)' created for font 'CMU Serif' with options
. [Mapping=tex-text,,Script=Cyrillic,Language=Serbian].
. 
. This font family consists of the following shapes:
.................................................
\AtBeginShipoutBox=\box47
Package csquotes Info: Making character " active on input line 86.
Package hyperref Info: Link coloring OFF on input line 86.

(/usr/share/texlive/texmf-dist/tex/latex/hyperref/nameref.sty
Package: nameref 2012/10/27 v2.43 Cross-referencing by name of section

(/usr/share/texlive/texmf-dist/tex/generic/oberdiek/gettitlestring.sty
Package: gettitlestring 2010/12/03 v1.4 Cleanup title references (HO)
)
\c@section@level=\count281
)
Redoing nameref's sectioning
Redoing nameref's label
LaTeX Info: Redefining \nameref on input line 86.
LaTeX Info: Redefining \ref on input line 86.
LaTeX Info: Redefining \pageref on input line 86.
LaTeX Info: Redefining \nameref on input line 86.
(./matfdoktorat-primer.out) (./matfdoktorat-primer.out)
\@outlinefile=\write4
\openout4 = `matfdoktorat-primer.out'.

.................................................
. fontspec info: "defining-font"
. 
. Font family 'CMUSerif(1)' created for font 'CMU Serif' with options
. [Mapping=tex-text,,Script=Cyrillic].
. 
. This font family consists of the following shapes:
.................................................
.................................................
. fontspec info: "defining-font"
. 
. Font family 'CMUSerif(2)' created for font 'CMU Serif' with options
. [Mapping=tex-text,,Script=Cyrillic,Language=Serbian].
. 
. This font family consists of the following shapes:
.................................................
LaTeX Font Info:    Font shape `EU1/CMUSerif(2)/m/sl' in size <12> not availabl
e
(Font)              Font shape `EU1/CMUSerif(2)/m/it' tried instead on input li
ne 92.
 [1

]
.................................................
. fontspec info: "defining-font"
. 
. Font family 'CMUSerif(1)' created for font 'CMU Serif' with options
. [Mapping=tex-text,,Script=Cyrillic].
. 
. This font family consists of the following shapes:
.................................................
.................................................
. fontspec info: "defining-font"
. 
. Font family 'CMUSerif(2)' created for font 'CMU Serif' with options
. [Mapping=tex-text,,Script=Cyrillic,Language=Serbian].
. 
. This font family consists of the following shapes:
.................................................
 [1


]
.................................................
. fontspec info: "defining-font"
. 
. Font family 'CMUSerif(1)' created for font 'CMU Serif' with options
. [Mapping=tex-text,,Script=Cyrillic].
. 
. This font family consists of the following shapes:
.................................................
.................................................
. fontspec info: "defining-font"
. 
. Font family 'CMUSerif(2)' created for font 'CMU Serif' with options
. [Mapping=tex-text,,Script=Cyrillic,Language=Serbian].
. 
. This font family consists of the following shapes:
.................................................
.................................................
. fontspec info: "defining-font"
. 
. Font family 'CMUSerif(1)' created for font 'CMU Serif' with options
. [Mapping=tex-text,,Script=Cyrillic].
. 
. This font family consists of the following shapes:
.................................................
.................................................
. fontspec info: "defining-font"
. 
. Font family 'CMUSerif(2)' created for font 'CMU Serif' with options
. [Mapping=tex-text,,Script=Cyrillic,Language=Serbian].
. 
. This font family consists of the following shapes:
.................................................
 [2


]

LaTeX Font Warning: Font shape `EU1/CMUSerif(2)/m/sc' undefined
(Font)              using `EU1/CMUSerif(2)/m/n' instead on input line 96.

.................................................
. fontspec info: "defining-font"
. 
. Font family 'CMUSerif(1)' created for font 'CMU Serif' with options
. [Mapping=tex-text,,Script=Cyrillic].
. 
. This font family consists of the following shapes:
.................................................
.................................................
. fontspec info: "defining-font"
. 
. Font family 'CMUSerif(2)' created for font 'CMU Serif' with options
. [Mapping=tex-text,,Script=Cyrillic,Language=Serbian].
. 
. This font family consists of the following shapes:
.................................................
[3


]
.................................................
. fontspec info: "defining-font"
. 
. Font family 'CMUSerif(1)' created for font 'CMU Serif' with options
. [Mapping=tex-text,,Script=Cyrillic].
. 
. This font family consists of the following shapes:
.................................................
.................................................
. fontspec info: "defining-font"
. 
. Font family 'CMUSerif(2)' created for font 'CMU Serif' with options
. [Mapping=tex-text,,Script=Cyrillic,Language=Serbian].
. 
. This font family consists of the following shapes:
.................................................
 [4


]
Underfull \hbox (badness 10000) in paragraph at lines 100--100

 []

.................................................
. fontspec info: "defining-font"
. 
. Font family 'CMUSerif(1)' created for font 'CMU Serif' with options
. [Mapping=tex-text,,Script=Cyrillic].
. 
. This font family consists of the following shapes:
.................................................
.................................................
. fontspec info: "defining-font"
. 
. Font family 'CMUSerif(2)' created for font 'CMU Serif' with options
. [Mapping=tex-text,,Script=Cyrillic,Language=Serbian].
. 
. This font family consists of the following shapes:
.................................................
[5


]
.................................................
. fontspec info: "defining-font"
. 
. Font family 'CMUSerif(1)' created for font 'CMU Serif' with options
. [Mapping=tex-text,,Script=Cyrillic].
. 
. This font family consists of the following shapes:
.................................................
.................................................
. fontspec info: "defining-font"
. 
. Font family 'CMUSerif(2)' created for font 'CMU Serif' with options
. [Mapping=tex-text,,Script=Cyrillic,Language=Serbian].
. 
. This font family consists of the following shapes:
.................................................
 [6]
.................................................
. fontspec info: "defining-font"
. 
. Font family 'CMUSerif(1)' created for font 'CMU Serif' with options
. [Mapping=tex-text,,Script=Cyrillic].
. 
. This font family consists of the following shapes:
.................................................
.................................................
. fontspec info: "defining-font"
. 
. Font family 'CMUSerif(2)' created for font 'CMU Serif' with options
. [Mapping=tex-text,,Script=Cyrillic,Language=Serbian].
. 
. This font family consists of the following shapes:
.................................................
.................................................
. fontspec info: "defining-font"
. 
. Font family 'CMUSerif(1)' created for font 'CMU Serif' with options
. [Mapping=tex-text,,Script=Cyrillic].
. 
. This font family consists of the following shapes:
.................................................
.................................................
. fontspec info: "defining-font"
. 
. Font family 'CMUSerif(2)' created for font 'CMU Serif' with options
. [Mapping=tex-text,,Script=Cyrillic,Language=Serbian].
. 
. This font family consists of the following shapes:
.................................................
 [7


]
.................................................
. fontspec info: "defining-font"
. 
. Font family 'CMUSerif(1)' created for font 'CMU Serif' with options
. [Mapping=tex-text,,Script=Cyrillic].
. 
. This font family consists of the following shapes:
.................................................
.................................................
. fontspec info: "defining-font"
. 
. Font family 'CMUSerif(2)' created for font 'CMU Serif' with options
. [Mapping=tex-text,,Script=Cyrillic,Language=Serbian].
. 
. This font family consists of the following shapes:
.................................................
 [8]
.................................................
. fontspec info: "defining-font"
. 
. Font family 'CMUSerif(1)' created for font 'CMU Serif' with options
. [Mapping=tex-text,,Script=Cyrillic].
. 
. This font family consists of the following shapes:
.................................................
.................................................
. fontspec info: "defining-font"
. 
. Font family 'CMUSerif(2)' created for font 'CMU Serif' with options
. [Mapping=tex-text,,Script=Cyrillic,Language=Serbian].
. 
. This font family consists of the following shapes:
.................................................
 (./matfdoktorat-primer.toc
.................................................
. fontspec info: "defining-font"
. 
. Font family 'CMUSerif(1)' created for font 'CMU Serif' with options
. [Mapping=tex-text,,Script=Cyrillic].
. 
. This font family consists of the following shapes:
.................................................
.................................................
. fontspec info: "defining-font"
. 
. Font family 'CMUSerif(2)' created for font 'CMU Serif' with options
. [Mapping=tex-text,,Script=Cyrillic,Language=Serbian].
. 
. This font family consists of the following shapes:
.................................................
.................................................
. fontspec info: "defining-font"
. 
. Font family 'CMUSerif(1)' created for font 'CMU Serif' with options
. [Mapping=tex-text,,Script=Cyrillic].
. 
. This font family consists of the following shapes:
.................................................
.................................................
. fontspec info: "defining-font"
. 
. Font family 'CMUSerif(2)' created for font 'CMU Serif' with options
. [Mapping=tex-text,,Script=Cyrillic,Language=Serbian].
. 
. This font family consists of the following shapes:
.................................................
.................................................
. fontspec info: "defining-font"
. 
. Font family 'CMUSerif(1)' created for font 'CMU Serif' with options
. [Mapping=tex-text,,Script=Cyrillic].
. 
. This font family consists of the following shapes:
.................................................
.................................................
. fontspec info: "defining-font"
. 
. Font family 'CMUSerif(2)' created for font 'CMU Serif' with options
. [Mapping=tex-text,,Script=Cyrillic,Language=Serbian].
. 
. This font family consists of the following shapes:
.................................................
.................................................
. fontspec info: "defining-font"
. 
. Font family 'CMUSerif(1)' created for font 'CMU Serif' with options
. [Mapping=tex-text,,Script=Cyrillic].
. 
. This font family consists of the following shapes:
.................................................
.................................................
. fontspec info: "defining-font"
. 
. Font family 'CMUSerif(2)' created for font 'CMU Serif' with options
. [Mapping=tex-text,,Script=Cyrillic,Language=Serbian].
. 
. This font family consists of the following shapes:
.................................................
LaTeX Font Info:    External font `cmex10' loaded for size
(Font)              <12> on input line 7.
LaTeX Font Info:    External font `cmex10' loaded for size
(Font)              <8> on input line 7.
LaTeX Font Info:    External font `cmex10' loaded for size
(Font)              <6> on input line 7.
.................................................
. fontspec info: "defining-font"
. 
. Font family 'CMUSerif(1)' created for font 'CMU Serif' with options
. [Mapping=tex-text,,Script=Cyrillic].
. 
. This font family consists of the following shapes:
.................................................
.................................................
. fontspec info: "defining-font"
. 
. Font family 'CMUSerif(2)' created for font 'CMU Serif' with options
. [Mapping=tex-text,,Script=Cyrillic,Language=Serbian].
. 
. This font family consists of the following shapes:
.................................................
.................................................
. fontspec info: "defining-font"
. 
. Font family 'CMUSerif(1)' created for font 'CMU Serif' with options
. [Mapping=tex-text,,Script=Cyrillic].
. 
. This font family consists of the following shapes:
.................................................
.................................................
. fontspec info: "defining-font"
. 
. Font family 'CMUSerif(2)' created for font 'CMU Serif' with options
. [Mapping=tex-text,,Script=Cyrillic,Language=Serbian].
. 
. This font family consists of the following shapes:
.................................................
.................................................
. fontspec info: "defining-font"
. 
. Font family 'CMUSerif(1)' created for font 'CMU Serif' with options
. [Mapping=tex-text,,Script=Cyrillic].
. 
. This font family consists of the following shapes:
.................................................
.................................................
. fontspec info: "defining-font"
. 
. Font family 'CMUSerif(2)' created for font 'CMU Serif' with options
. [Mapping=tex-text,,Script=Cyrillic,Language=Serbian].
. 
. This font family consists of the following shapes:
.................................................
.................................................
. fontspec info: "defining-font"
. 
. Font family 'CMUSerif(1)' created for font 'CMU Serif' with options
. [Mapping=tex-text,,Script=Cyrillic].
. 
. This font family consists of the following shapes:
.................................................
.................................................
. fontspec info: "defining-font"
. 
. Font family 'CMUSerif(2)' created for font 'CMU Serif' with options
. [Mapping=tex-text,,Script=Cyrillic,Language=Serbian].
. 
. This font family consists of the following shapes:
.................................................
)
.................................................
. fontspec info: "defining-font"
. 
. Font family 'CMUSerif(1)' created for font 'CMU Serif' with options
. [Mapping=tex-text,,Script=Cyrillic].
. 
. This font family consists of the following shapes:
.................................................
.................................................
. fontspec info: "defining-font"
. 
. Font family 'CMUSerif(2)' created for font 'CMU Serif' with options
. [Mapping=tex-text,,Script=Cyrillic,Language=Serbian].
. 
. This font family consists of the following shapes:
.................................................
 [9

]
.................................................
. fontspec info: "defining-font"
. 
. Font family 'CMUSerif(1)' created for font 'CMU Serif' with options
. [Mapping=tex-text,,Script=Cyrillic].
. 
. This font family consists of the following shapes:
.................................................
.................................................
. fontspec info: "defining-font"
. 
. Font family 'CMUSerif(2)' created for font 'CMU Serif' with options
. [Mapping=tex-text,,Script=Cyrillic,Language=Serbian].
. 
. This font family consists of the following shapes:
.................................................
.................................................
. fontspec info: "defining-font"
. 
. Font family 'CMUSerif(1)' created for font 'CMU Serif' with options
. [Mapping=tex-text,,Script=Cyrillic].
. 
. This font family consists of the following shapes:
.................................................
.................................................
. fontspec info: "defining-font"
. 
. Font family 'CMUSerif(2)' created for font 'CMU Serif' with options
. [Mapping=tex-text,,Script=Cyrillic,Language=Serbian].
. 
. This font family consists of the following shapes:
.................................................
.................................................
. fontspec info: "defining-font"
. 
. Font family 'CMUSerif(1)' created for font 'CMU Serif' with options
. [Mapping=tex-text,,Script=Cyrillic].
. 
. This font family consists of the following shapes:
.................................................
.................................................
. fontspec info: "defining-font"
. 
. Font family 'CMUSerif(2)' created for font 'CMU Serif' with options
. [Mapping=tex-text,,Script=Cyrillic,Language=Serbian].
. 
. This font family consists of the following shapes:
.................................................
.................................................
. fontspec info: "defining-font"
. 
. Font family 'CMUSerif(1)' created for font 'CMU Serif' with options
. [Mapping=tex-text,,Script=Cyrillic].
. 
. This font family consists of the following shapes:
.................................................
.................................................
. fontspec info: "defining-font"
. 
. Font family 'CMUSerif(2)' created for font 'CMU Serif' with options
. [Mapping=tex-text,,Script=Cyrillic,Language=Serbian].
. 
. This font family consists of the following shapes:
.................................................
.................................................
. fontspec info: "defining-font"
. 
. Font family 'CMUSerif(1)' created for font 'CMU Serif' with options
. [Mapping=tex-text,,Script=Cyrillic].
. 
. This font family consists of the following shapes:
.................................................
.................................................
. fontspec info: "defining-font"
. 
. Font family 'CMUSerif(2)' created for font 'CMU Serif' with options
. [Mapping=tex-text,,Script=Cyrillic,Language=Serbian].
. 
. This font family consists of the following shapes:
.................................................
 [1


]
.................................................
. fontspec info: "defining-font"
. 
. Font family 'CMUSerif(1)' created for font 'CMU Serif' with options
. [Mapping=tex-text,,Script=Cyrillic].
. 
. This font family consists of the following shapes:
.................................................
.................................................
. fontspec info: "defining-font"
. 
. Font family 'CMUSerif(2)' created for font 'CMU Serif' with options
. [Mapping=tex-text,,Script=Cyrillic,Language=Serbian].
. 
. This font family consists of the following shapes:
.................................................
LaTeX Font Info:    External font `cmex10' loaded for size
(Font)              <17.28> on input line 116.
.................................................
. fontspec info: "defining-font"
. 
. Font family 'CMUSerif(1)' created for font 'CMU Serif' with options
. [Mapping=tex-text,,Script=Cyrillic].
. 
. This font family consists of the following shapes:
.................................................
.................................................
. fontspec info: "defining-font"
. 
. Font family 'CMUSerif(2)' created for font 'CMU Serif' with options
. [Mapping=tex-text,,Script=Cyrillic,Language=Serbian].
. 
. This font family consists of the following shapes:
.................................................


LaTeX Warning: Citation `PetrovicMikic2015' on page 2 undefined on input line 1
18.

.................................................
. fontspec info: "defining-font"
. 
. Font family 'CMUSerif(1)' created for font 'CMU Serif' with options
. [Mapping=tex-text,,Script=Cyrillic].
. 
. This font family consists of the following shapes:
.................................................
.................................................
. fontspec info: "defining-font"
. 
. Font family 'CMUSerif(2)' created for font 'CMU Serif' with options
. [Mapping=tex-text,,Script=Cyrillic,Language=Serbian].
. 
. This font family consists of the following shapes:
.................................................

LaTeX Warning: Citation `GuSh:243' on page 2 undefined on input line 119.

.................................................
. fontspec info: "defining-font"
. 
. Font family 'CMUSerif(1)' created for font 'CMU Serif' with options
. [Mapping=tex-text,,Script=Cyrillic].
. 
. This font family consists of the following shapes:
.................................................
.................................................
. fontspec info: "defining-font"
. 
. Font family 'CMUSerif(2)' created for font 'CMU Serif' with options
. [Mapping=tex-text,,Script=Cyrillic,Language=Serbian].
. 
. This font family consists of the following shapes:
.................................................
.................................................
. fontspec info: "defining-font"
. 
. Font family 'CMUSerif(1)' created for font 'CMU Serif' with options
. [Mapping=tex-text,,Script=Cyrillic].
. 
. This font family consists of the following shapes:
.................................................
.................................................
. fontspec info: "defining-font"
. 
. Font family 'CMUSerif(2)' created for font 'CMU Serif' with options
. [Mapping=tex-text,,Script=Cyrillic,Language=Serbian].
. 
. This font family consists of the following shapes:
.................................................
.................................................
. fontspec info: "defining-font"
. 
. Font family 'CMUSerif(1)' created for font 'CMU Serif' with options
. [Mapping=tex-text,,Script=Cyrillic].
. 
. This font family consists of the following shapes:
.................................................
.................................................
. fontspec info: "defining-font"
. 
. Font family 'CMUSerif(2)' created for font 'CMU Serif' with options
. [Mapping=tex-text,,Script=Cyrillic,Language=Serbian].
. 
. This font family consists of the following shapes:
.................................................
LaTeX Font Info:    External font `cmex10' loaded for size
(Font)              <7> on input line 128.
LaTeX Font Info:    External font `cmex10' loaded for size
(Font)              <5> on input line 128.
.................................................
. fontspec info: "defining-font"
. 
. Font family 'CMUSerif(1)' created for font 'CMU Serif' with options
. [Mapping=tex-text,,Script=Cyrillic].
. 
. This font family consists of the following shapes:
.................................................
.................................................
. fontspec info: "defining-font"
. 
. Font family 'CMUSerif(2)' created for font 'CMU Serif' with options
. [Mapping=tex-text,,Script=Cyrillic,Language=Serbian].
. 
. This font family consists of the following shapes:
.................................................
.................................................
. fontspec info: "defining-font"
. 
. Font family 'CMUSerif(1)' created for font 'CMU Serif' with options
. [Mapping=tex-text,,Script=Cyrillic].
. 
. This font family consists of the following shapes:
.................................................
.................................................
. fontspec info: "defining-font"
. 
. Font family 'CMUSerif(2)' created for font 'CMU Serif' with options
. [Mapping=tex-text,,Script=Cyrillic,Language=Serbian].
. 
. This font family consists of the following shapes:
.................................................
File: graph.png Graphic file (type QTm)
<use  "graph.png" >
.................................................
. fontspec info: "defining-font"
. 
. Font family 'CMUSerif(1)' created for font 'CMU Serif' with options
. [Mapping=tex-text,,Script=Cyrillic].
. 
. This font family consists of the following shapes:
.................................................
.................................................
. fontspec info: "defining-font"
. 
. Font family 'CMUSerif(2)' created for font 'CMU Serif' with options
. [Mapping=tex-text,,Script=Cyrillic,Language=Serbian].
. 
. This font family consists of the following shapes:
.................................................
 [2]
.................................................
. fontspec info: "defining-font"
. 
. Font family 'CMUSerif(1)' created for font 'CMU Serif' with options
. [Mapping=tex-text,,Script=Cyrillic].
. 
. This font family consists of the following shapes:
.................................................
.................................................
. fontspec info: "defining-font"
. 
. Font family 'CMUSerif(2)' created for font 'CMU Serif' with options
. [Mapping=tex-text,,Script=Cyrillic,Language=Serbian].
. 
. This font family consists of the following shapes:
.................................................
 [3]
.................................................
. fontspec info: "defining-font"
. 
. Font family 'CMUSerif(1)' created for font 'CMU Serif' with options
. [Mapping=tex-text,,Script=Cyrillic].
. 
. This font family consists of the following shapes:
.................................................
.................................................
. fontspec info: "defining-font"
. 
. Font family 'CMUSerif(2)' created for font 'CMU Serif' with options
. [Mapping=tex-text,,Script=Cyrillic,Language=Serbian].
. 
. This font family consists of the following shapes:
.................................................
 [4]
.................................................
. fontspec info: "defining-font"
. 
. Font family 'CMUSerif(1)' created for font 'CMU Serif' with options
. [Mapping=tex-text,,Script=Cyrillic].
. 
. This font family consists of the following shapes:
.................................................
.................................................
. fontspec info: "defining-font"
. 
. Font family 'CMUSerif(2)' created for font 'CMU Serif' with options
. [Mapping=tex-text,,Script=Cyrillic,Language=Serbian].
. 
. This font family consists of the following shapes:
.................................................
.................................................
. fontspec info: "defining-font"
. 
. Font family 'CMUSerif(1)' created for font 'CMU Serif' with options
. [Mapping=tex-text,,Script=Cyrillic].
. 
. This font family consists of the following shapes:
.................................................
.................................................
. fontspec info: "defining-font"
. 
. Font family 'CMUSerif(2)' created for font 'CMU Serif' with options
. [Mapping=tex-text,,Script=Cyrillic,Language=Serbian].
. 
. This font family consists of the following shapes:
.................................................
.................................................
. fontspec info: "defining-font"
. 
. Font family 'CMUSerif(1)' created for font 'CMU Serif' with options
. [Mapping=tex-text,,Script=Cyrillic].
. 
. This font family consists of the following shapes:
.................................................
.................................................
. fontspec info: "defining-font"
. 
. Font family 'CMUSerif(2)' created for font 'CMU Serif' with options
. [Mapping=tex-text,,Script=Cyrillic,Language=Serbian].
. 
. This font family consists of the following shapes:
.................................................
.................................................
. fontspec info: "defining-font"
. 
. Font family 'CMUSerif(1)' created for font 'CMU Serif' with options
. [Mapping=tex-text,,Script=Cyrillic].
. 
. This font family consists of the following shapes:
.................................................
.................................................
. fontspec info: "defining-font"
. 
. Font family 'CMUSerif(2)' created for font 'CMU Serif' with options
. [Mapping=tex-text,,Script=Cyrillic,Language=Serbian].
. 
. This font family consists of the following shapes:
.................................................
.................................................
. fontspec info: "defining-font"
. 
. Font family 'CMUSerif(1)' created for font 'CMU Serif' with options
. [Mapping=tex-text,,Script=Cyrillic].
. 
. This font family consists of the following shapes:
.................................................
.................................................
. fontspec info: "defining-font"
. 
. Font family 'CMUSerif(2)' created for font 'CMU Serif' with options
. [Mapping=tex-text,,Script=Cyrillic,Language=Serbian].
. 
. This font family consists of the following shapes:
.................................................
 [5

]
.................................................
. fontspec info: "defining-font"
. 
. Font family 'CMUSerif(1)' created for font 'CMU Serif' with options
. [Mapping=tex-text,,Script=Cyrillic].
. 
. This font family consists of the following shapes:
.................................................
.................................................
. fontspec info: "defining-font"
. 
. Font family 'CMUSerif(2)' created for font 'CMU Serif' with options
. [Mapping=tex-text,,Script=Cyrillic,Language=Serbian].
. 
. This font family consists of the following shapes:
.................................................
 [6]
.................................................
. fontspec info: "defining-font"
. 
. Font family 'CMUSerif(1)' created for font 'CMU Serif' with options
. [Mapping=tex-text,,Script=Cyrillic].
. 
. This font family consists of the following shapes:
.................................................
.................................................
. fontspec info: "defining-font"
. 
. Font family 'CMUSerif(2)' created for font 'CMU Serif' with options
. [Mapping=tex-text,,Script=Cyrillic,Language=Serbian].
. 
. This font family consists of the following shapes:
.................................................
 [7]
.................................................
. fontspec info: "defining-font"
. 
. Font family 'CMUSerif(1)' created for font 'CMU Serif' with options
. [Mapping=tex-text,,Script=Cyrillic].
. 
. This font family consists of the following shapes:
.................................................
.................................................
. fontspec info: "defining-font"
. 
. Font family 'CMUSerif(2)' created for font 'CMU Serif' with options
. [Mapping=tex-text,,Script=Cyrillic,Language=Serbian].
. 
. This font family consists of the following shapes:
.................................................
.................................................
. fontspec info: "defining-font"
. 
. Font family 'CMUSerif(1)' created for font 'CMU Serif' with options
. [Mapping=tex-text,,Script=Cyrillic].
. 
. This font family consists of the following shapes:
.................................................
.................................................
. fontspec info: "defining-font"
. 
. Font family 'CMUSerif(2)' created for font 'CMU Serif' with options
. [Mapping=tex-text,,Script=Cyrillic,Language=Serbian].
. 
. This font family consists of the following shapes:
.................................................
.................................................
. fontspec info: "defining-font"
. 
. Font family 'CMUSerif(1)' created for font 'CMU Serif' with options
. [Mapping=tex-text,,Script=Cyrillic].
. 
. This font family consists of the following shapes:
.................................................
.................................................
. fontspec info: "defining-font"
. 
. Font family 'CMUSerif(2)' created for font 'CMU Serif' with options
. [Mapping=tex-text,,Script=Cyrillic,Language=Serbian].
. 
. This font family consists of the following shapes:
.................................................
.................................................
. fontspec info: "defining-font"
. 
. Font family 'CMUSerif(1)' created for font 'CMU Serif' with options
. [Mapping=tex-text,,Script=Cyrillic].
. 
. This font family consists of the following shapes:
.................................................
.................................................
. fontspec info: "defining-font"
. 
. Font family 'CMUSerif(2)' created for font 'CMU Serif' with options
. [Mapping=tex-text,,Script=Cyrillic,Language=Serbian].
. 
. This font family consists of the following shapes:
.................................................
.................................................
. fontspec info: "defining-font"
. 
. Font family 'CMUSerif(1)' created for font 'CMU Serif' with options
. [Mapping=tex-text,,Script=Cyrillic].
. 
. This font family consists of the following shapes:
.................................................
.................................................
. fontspec info: "defining-font"
. 
. Font family 'CMUSerif(2)' created for font 'CMU Serif' with options
. [Mapping=tex-text,,Script=Cyrillic,Language=Serbian].
. 
. This font family consists of the following shapes:
.................................................
 [8

]
.................................................
. fontspec info: "defining-font"
. 
. Font family 'CMUSerif(1)' created for font 'CMU Serif' with options
. [Mapping=tex-text,,Script=Cyrillic].
. 
. This font family consists of the following shapes:
.................................................
.................................................
. fontspec info: "defining-font"
. 
. Font family 'CMUSerif(2)' created for font 'CMU Serif' with options
. [Mapping=tex-text,,Script=Cyrillic,Language=Serbian].
. 
. This font family consists of the following shapes:
.................................................
 [9] (./matfdoktorat-primer.bbl
.................................................
. fontspec info: "defining-font"
. 
. Font family 'CMUSerif(1)' created for font 'CMU Serif' with options
. [Mapping=tex-text,,Script=Cyrillic].
. 
. This font family consists of the following shapes:
.................................................
.................................................
. fontspec info: "defining-font"
. 
. Font family 'CMUSerif(2)' created for font 'CMU Serif' with options
. [Mapping=tex-text,,Script=Cyrillic,Language=Serbian].
. 
. This font family consists of the following shapes:
.................................................

[10]
.................................................
. fontspec info: "defining-font"
. 
. Font family 'CMUSerif(1)' created for font 'CMU Serif' with options
. [Mapping=tex-text,,Script=Cyrillic].
. 
. This font family consists of the following shapes:
.................................................
.................................................
. fontspec info: "defining-font"
. 
. Font family 'CMUSerif(2)' created for font 'CMU Serif' with options
. [Mapping=tex-text,,Script=Cyrillic,Language=Serbian].
. 
. This font family consists of the following shapes:
.................................................
.................................................
. fontspec info: "defining-font"
. 
. Font family 'CMUSerif(1)' created for font 'CMU Serif' with options
. [Mapping=tex-text,,Script=Cyrillic].
. 
. This font family consists of the following shapes:
.................................................
.................................................
. fontspec info: "defining-font"
. 
. Font family 'CMUSerif(2)' created for font 'CMU Serif' with options
. [Mapping=tex-text,,Script=Cyrillic,Language=Serbian].
. 
. This font family consists of the following shapes:
.................................................

bibitemlist

LaTeX Warning: Empty `thebibliography' environment on input line 3.

)
.................................................
. fontspec info: "defining-font"
. 
. Font family 'CMUSerif(1)' created for font 'CMU Serif' with options
. [Mapping=tex-text,,Script=Cyrillic].
. 
. This font family consists of the following shapes:
.................................................
.................................................
. fontspec info: "defining-font"
. 
. Font family 'CMUSerif(2)' created for font 'CMU Serif' with options
. [Mapping=tex-text,,Script=Cyrillic,Language=Serbian].
. 
. This font family consists of the following shapes:
.................................................
 [11

]
.................................................
. fontspec info: "defining-font"
. 
. Font family 'CMUSerif(1)' created for font 'CMU Serif' with options
. [Mapping=tex-text,,Script=Cyrillic].
. 
. This font family consists of the following shapes:
.................................................
.................................................
. fontspec info: "defining-font"
. 
. Font family 'CMUSerif(2)' created for font 'CMU Serif' with options
. [Mapping=tex-text,,Script=Cyrillic,Language=Serbian].
. 
. This font family consists of the following shapes:
.................................................
.................................................
. fontspec info: "defining-font"
. 
. Font family 'CMUSerif(1)' created for font 'CMU Serif' with options
. [Mapping=tex-text,,Script=Cyrillic].
. 
. This font family consists of the following shapes:
.................................................
.................................................
. fontspec info: "defining-font"
. 
. Font family 'CMUSerif(2)' created for font 'CMU Serif' with options
. [Mapping=tex-text,,Script=Cyrillic,Language=Serbian].
. 
. This font family consists of the following shapes:
.................................................
.................................................
. fontspec info: "defining-font"
. 
. Font family 'CMUSerif(1)' created for font 'CMU Serif' with options
. [Mapping=tex-text,,Script=Cyrillic].
. 
. This font family consists of the following shapes:
.................................................
.................................................
. fontspec info: "defining-font"
. 
. Font family 'CMUSerif(2)' created for font 'CMU Serif' with options
. [Mapping=tex-text,,Script=Cyrillic,Language=Serbian].
. 
. This font family consists of the following shapes:
.................................................
 [12



]
File: _Prilog1.pdf Graphic file (type QTm)
 <use  "_Prilog1.pdf" >
File: _Prilog1.pdf Graphic file (type QTm)
 <use  "_Prilog1.pdf" >
File: _Prilog1.pdf Graphic file (type QTm)

<use  "_Prilog1.pdf"  page1>
File: _Prilog1.pdf Graphic file (type QTm)
 <use  "_Prilog1.pdf"  page1>
File: _Prilog1.pdf Graphic file (type QTm)

<use  "_Prilog1.pdf"  page1>
File: _Prilog1.pdf Graphic file (type QTm)
 <use  "_Prilog1.pdf"  page1>
.................................................
. fontspec info: "defining-font"
. 
. Font family 'CMUSerif(1)' created for font 'CMU Serif' with options
. [Mapping=tex-text,,Script=Cyrillic].
. 
. This font family consists of the following shapes:
.................................................
.................................................
. fontspec info: "defining-font"
. 
. Font family 'CMUSerif(2)' created for font 'CMU Serif' with options
. [Mapping=tex-text,,Script=Cyrillic,Language=Serbian].
. 
. This font family consists of the following shapes:
.................................................
File: _Prilog1.pdf Graphic file (type QTm)

<use  "_Prilog1.pdf"  page1> [13

]
File: _Prilog2.pdf Graphic file (type QTm)
 <use  "_Prilog2.pdf" >
File: _Prilog2.pdf Graphic file (type QTm)

<use  "_Prilog2.pdf" >
File: _Prilog2.pdf Graphic file (type QTm)
 <use  "_Prilog2.pdf"  page1>
File: _Prilog2.pdf Graphic file (type QTm)

<use  "_Prilog2.pdf"  page1>
File: _Prilog2.pdf Graphic file (type QTm)
 <use  "_Prilog2.pdf"  page1>
File: _Prilog2.pdf Graphic file (type QTm)

<use  "_Prilog2.pdf"  page1>
.................................................
. fontspec info: "defining-font"
. 
. Font family 'CMUSerif(1)' created for font 'CMU Serif' with options
. [Mapping=tex-text,,Script=Cyrillic].
. 
. This font family consists of the following shapes:
.................................................
.................................................
. fontspec info: "defining-font"
. 
. Font family 'CMUSerif(2)' created for font 'CMU Serif' with options
. [Mapping=tex-text,,Script=Cyrillic,Language=Serbian].
. 
. This font family consists of the following shapes:
.................................................
File: _Prilog2.pdf Graphic file (type QTm)
 <use  "_Prilog2.pdf"  page1> [14]
File: _Prilog3.pdf Graphic file (type QTm)

<use  "_Prilog3.pdf" >
File: _Prilog3.pdf Graphic file (type QTm)
 <use  "_Prilog3.pdf" >
File: _Prilog3.pdf Graphic file (type QTm)
 <use  "_Prilog3.pdf"  page1>
File: _Prilog3.pdf Graphic file (type QTm)

<use  "_Prilog3.pdf"  page1>
File: _Prilog3.pdf Graphic file (type QTm)
 <use  "_Prilog3.pdf"  page1>
File: _Prilog3.pdf Graphic file (type QTm)

<use  "_Prilog3.pdf"  page1>
.................................................
. fontspec info: "defining-font"
. 
. Font family 'CMUSerif(1)' created for font 'CMU Serif' with options
. [Mapping=tex-text,,Script=Cyrillic].
. 
. This font family consists of the following shapes:
.................................................
.................................................
. fontspec info: "defining-font"
. 
. Font family 'CMUSerif(2)' created for font 'CMU Serif' with options
. [Mapping=tex-text,,Script=Cyrillic,Language=Serbian].
. 
. This font family consists of the following shapes:
.................................................
File: _Prilog3.pdf Graphic file (type QTm)
 <use  "_Prilog3.pdf"  page1> [15]
\tf@toc=\write5
\openout5 = `matfdoktorat-primer.toc'.

Package atveryend Info: Empty hook `BeforeClearDocument' on input line 237.
Package atveryend Info: Empty hook `AfterLastShipout' on input line 237.

(./matfdoktorat-primer.aux
.................................................
. fontspec info: "defining-font"
. 
. Font family 'CMUSerif(1)' created for font 'CMU Serif' with options
. [Mapping=tex-text,,Script=Cyrillic].
. 
. This font family consists of the following shapes:
.................................................
.................................................
. fontspec info: "defining-font"
. 
. Font family 'CMUSerif(2)' created for font 'CMU Serif' with options
. [Mapping=tex-text,,Script=Cyrillic,Language=Serbian].
. 
. This font family consists of the following shapes:
.................................................
.................................................
. fontspec info: "defining-font"
. 
. Font family 'CMUSerif(1)' created for font 'CMU Serif' with options
. [Mapping=tex-text,,Script=Cyrillic].
. 
. This font family consists of the following shapes:
.................................................
.................................................
. fontspec info: "defining-font"
. 
. Font family 'CMUSerif(2)' created for font 'CMU Serif' with options
. [Mapping=tex-text,,Script=Cyrillic,Language=Serbian].
. 
. This font family consists of the following shapes:
.................................................
.................................................
. fontspec info: "defining-font"
. 
. Font family 'CMUSerif(1)' created for font 'CMU Serif' with options
. [Mapping=tex-text,,Script=Cyrillic].
. 
. This font family consists of the following shapes:
.................................................
.................................................
. fontspec info: "defining-font"
. 
. Font family 'CMUSerif(2)' created for font 'CMU Serif' with options
. [Mapping=tex-text,,Script=Cyrillic,Language=Serbian].
. 
. This font family consists of the following shapes:
.................................................
.................................................
. fontspec info: "defining-font"
. 
. Font family 'CMUSerif(1)' created for font 'CMU Serif' with options
. [Mapping=tex-text,,Script=Cyrillic].
. 
. This font family consists of the following shapes:
.................................................
.................................................
. fontspec info: "defining-font"
. 
. Font family 'CMUSerif(2)' created for font 'CMU Serif' with options
. [Mapping=tex-text,,Script=Cyrillic,Language=Serbian].
. 
. This font family consists of the following shapes:
.................................................
)
Package atveryend Info: Empty hook `AtVeryEndDocument' on input line 237.
Package atveryend Info: Empty hook `AtEndAfterFileList' on input line 237.


LaTeX Font Warning: Some font shapes were not available, defaults substituted.


LaTeX Warning: There were undefined references.


LaTeX Warning: Label(s) may have changed. Rerun to get cross-references right.

 ) 
Here is how much of TeX's memory you used:
 26003 strings out of 493918
 462158 string characters out of 6150562
 580878 words of memory out of 5000000
 29018 multiletter control sequences out of 15000+600000
 8406 words of font info for 85 fonts, out of 8000000 for 9000
 1144 hyphenation exceptions out of 8191
 68i,18n,78p,10480b,550s stack positions out of 5000i,500n,10000p,200000b,80000s

Output written on matfdoktorat-primer.pdf (25 pages).
